<?xml version="1.0" encoding="UTF-8"?>
<robot generator="Robot 2.9.1 (Jython 2.7.0 on java1.8.0_60)" generated="20151103 09:18:18.876">
<suite source="C:\SikuliXRobotLibrary\demo" name="Demo" id="s1">
<suite source="C:\SikuliXRobotLibrary\demo\calc_test_suite" name="Calc Test Suite" id="s1-s1">
<suite source="C:\SikuliXRobotLibrary\demo\calc_test_suite\CalculatorTest.robot" name="CalculatorTest" id="s1-s1-s1">
<test name="12 + 100 = 112" id="s1-s1-s1-t1">
<kw type="setup" library="CalculatorTestGlobalHelpers" name="Open &quot;Calculator&quot; Application">
<kw library="SikuliXRobotLibrary" name="Check And Open Application">
<doc>Checks if application is running and sets the focus to the application, </doc>
<arguments>
<arg>${${p_app_name}_APP_NAME}</arg>
<arg>${${p_app_name}_EXECUTABLE}</arg>
</arguments>
<msg level="INFO" timestamp="20151103 09:18:25.634">Opening application 'Calculator' in path 'C:/Windows/System32/calc.exe'.</msg>
<msg level="INFO" timestamp="20151103 09:18:25.919">[log] App.open [2068:calc.exe]</msg>
<status endtime="20151103 09:18:25.920" starttime="20151103 09:18:25.621" status="PASS"></status>
</kw>
<kw library="BuiltIn" name="Wait Until Keyword Succeeds">
<doc>Runs the specified keyword and retries if it fails.</doc>
<arguments>
<arg>${TIMEOUT}</arg>
<arg>${RETRY_INTERVAL}</arg>
<arg>Window "Calculator" Should Be Open</arg>
</arguments>
<kw library="CalculatorTestGlobalHelpers" name="Window &quot;Calculator&quot; Should Be Open">
<doc>Checks if ${p_window} has window, returns True if window is available, otherwise False.</doc>
<kw library="BuiltIn" name="Run Keyword And Return Status">
<doc>Runs the given keyword with given arguments and returns the status as a Boolean value.</doc>
<arguments>
<arg>App Has Window</arg>
<arg>${p_window}</arg>
</arguments>
<assign>
<var>${has_window}</var>
</assign>
<kw library="SikuliXRobotLibrary" name="App Has Window">
<doc>Returns `True` if application's window or dialog as specified in `app_name` is open,</doc>
<arguments>
<arg>${p_window}</arg>
</arguments>
<status endtime="20151103 09:18:26.270" starttime="20151103 09:18:25.936" status="PASS"></status>
</kw>
<msg level="INFO" timestamp="20151103 09:18:26.275">${has_window} = True</msg>
<status endtime="20151103 09:18:26.276" starttime="20151103 09:18:25.933" status="PASS"></status>
</kw>
<kw library="BuiltIn" name="Should Be True">
<doc>Fails if the given condition is not true.</doc>
<arguments>
<arg>${has_window}</arg>
</arguments>
<status endtime="20151103 09:18:26.319" starttime="20151103 09:18:26.280" status="PASS"></status>
</kw>
<status endtime="20151103 09:18:26.322" starttime="20151103 09:18:25.930" status="PASS"></status>
</kw>
<status endtime="20151103 09:18:26.323" starttime="20151103 09:18:25.922" status="PASS"></status>
</kw>
<status endtime="20151103 09:18:26.333" starttime="20151103 09:18:25.617" status="PASS"></status>
</kw>
<kw name="Functionality Test">
<arguments>
<arg>12</arg>
<arg>Plus</arg>
<arg>100</arg>
<arg>112</arg>
</arguments>
<kw library="CalculatorTestGivenWhenThen" name="Given User Calculates &quot;${num1}&quot; &quot;${operation}&quot; &quot;${num2}&quot;">
<kw library="CalculatorTestGivenWhenThen" name="User Clicks &quot;${p_num1}&quot; Button">
<kw library="CalculatorTestGlobalHelpers" name="String &quot;${p_button}&quot; Only Contains Numbers">
<kw library="BuiltIn" name="Run Keyword And Return Status">
<doc>Runs the given keyword with given arguments and returns the status as a Boolean value.</doc>
<arguments>
<arg>Should Match Regexp</arg>
<arg>${p_string}</arg>
<arg>[0-9]+</arg>
</arguments>
<assign>
<var>${ret}</var>
</assign>
<kw library="BuiltIn" name="Should Match Regexp">
<doc>Fails if ``string`` does not match ``pattern`` as a regular expression.</doc>
<arguments>
<arg>${p_string}</arg>
<arg>[0-9]+</arg>
</arguments>
<status endtime="20151103 09:18:27.000" starttime="20151103 09:18:26.987" status="PASS"></status>
</kw>
<msg level="INFO" timestamp="20151103 09:18:27.003">${ret} = True</msg>
<status endtime="20151103 09:18:27.003" starttime="20151103 09:18:26.387" status="PASS"></status>
</kw>
<kw library="BuiltIn" name="Set Test Variable">
<doc>Makes a variable available everywhere within the scope of the current test.</doc>
<arguments>
<arg>${NUMBERS_ONLY}</arg>
<arg>${ret}</arg>
</arguments>
<msg level="INFO" timestamp="20151103 09:18:27.022">${NUMBERS_ONLY} = True</msg>
<status endtime="20151103 09:18:27.037" starttime="20151103 09:18:27.008" status="PASS"></status>
</kw>
<status endtime="20151103 09:18:27.038" starttime="20151103 09:18:26.385" status="PASS"></status>
</kw>
<kw library="BuiltIn" name="Run Keyword If">
<doc>Runs the given keyword with the given arguments, if ``condition`` is true.</doc>
<arguments>
<arg>${NUMBERS_ONLY}</arg>
<arg>Click Number "${p_button}" Button</arg>
<arg>ELSE</arg>
<arg>Click "${p_button}" Button</arg>
</arguments>
<kw library="CalculatorTestGlobalHelpers" name="Click Number &quot;12&quot; Button">
<kw library="String" name="Split String To Characters">
<doc>Splits the given ``string`` to characters.</doc>
<arguments>
<arg>${p_button}</arg>
</arguments>
<assign>
<var>@{numbers}</var>
</assign>
<msg level="INFO" timestamp="20151103 09:18:27.075">@{numbers} = [ 1 | 2 ]</msg>
<status endtime="20151103 09:18:27.076" starttime="20151103 09:18:27.064" status="PASS"></status>
</kw>
<kw type="for" name="${number} IN [ @{numbers} ]">
<kw type="foritem" name="${number} = 1">
<kw library="CalculatorTestGlobalHelpers" name="Click &quot;${number}&quot; Button">
<doc>Clicks a button using the region constants in CalculatorTestConstants.robot</doc>
<kw library="SikuliXRobotLibrary" name="Set New Search Region In Active App">
<doc>Sets new ROI or the search area to a specified ``offsets`` based on original coordinate values of active application in focus.</doc>
<arguments>
<arg>${BUTTON_${p_button_name}_REGION}</arg>
</arguments>
<msg level="INFO" timestamp="20151103 09:18:27.101">Setting new search region to offsets '18, 244, -195, -296'.</msg>
<msg level="INFO" timestamp="20151103 09:18:27.132">Active app region 'R[145,406 228x322]@S(0)[0,0 1600x1200] E:Y, T:3.0'.</msg>
<msg level="INFO" timestamp="20151103 09:18:27.134">New coordinates: x:'163' y:'650 w:'33 h:'26.</msg>
<status endtime="20151103 09:18:27.138" starttime="20151103 09:18:27.089" status="PASS"></status>
</kw>
<kw library="SikuliXRobotLibrary" name="Click Region">
<doc>Left-clicks the center x,y coordinate of a specified ROI or search region.</doc>
<msg level="INFO" timestamp="20151103 09:18:27.149">Clicking specified ROI or search region 'R[163,650 33x26]@S(0)[0,0 1600x1200] E:Y, T:3.0'</msg>
<msg level="INFO" timestamp="20151103 09:18:27.879">[log] CLICK on L(179,663)@S(0)[0,0 1600x1200]</msg>
<status endtime="20151103 09:18:27.880" starttime="20151103 09:18:27.142" status="PASS"></status>
</kw>
<status endtime="20151103 09:18:27.884" starttime="20151103 09:18:27.084" status="PASS"></status>
</kw>
<status endtime="20151103 09:18:27.885" starttime="20151103 09:18:27.083" status="PASS"></status>
</kw>
<kw type="foritem" name="${number} = 2">
<kw library="CalculatorTestGlobalHelpers" name="Click &quot;${number}&quot; Button">
<doc>Clicks a button using the region constants in CalculatorTestConstants.robot</doc>
<kw library="SikuliXRobotLibrary" name="Set New Search Region In Active App">
<doc>Sets new ROI or the search area to a specified ``offsets`` based on original coordinate values of active application in focus.</doc>
<arguments>
<arg>${BUTTON_${p_button_name}_REGION}</arg>
</arguments>
<msg level="INFO" timestamp="20151103 09:18:27.907">Setting new search region to offsets '58, 244, -195, -296'.</msg>
<msg level="INFO" timestamp="20151103 09:18:27.911">Active app region 'R[145,406 228x322]@S(0)[0,0 1600x1200] E:Y, T:3.0'.</msg>
<msg level="INFO" timestamp="20151103 09:18:27.914">New coordinates: x:'203' y:'650 w:'33 h:'26.</msg>
<status endtime="20151103 09:18:27.914" starttime="20151103 09:18:27.903" status="PASS"></status>
</kw>
<kw library="SikuliXRobotLibrary" name="Click Region">
<doc>Left-clicks the center x,y coordinate of a specified ROI or search region.</doc>
<msg level="INFO" timestamp="20151103 09:18:27.920">Clicking specified ROI or search region 'R[203,650 33x26]@S(0)[0,0 1600x1200] E:Y, T:3.0'</msg>
<msg level="INFO" timestamp="20151103 09:18:28.653">[log] CLICK on L(219,663)@S(0)[0,0 1600x1200]</msg>
<status endtime="20151103 09:18:28.662" starttime="20151103 09:18:27.916" status="PASS"></status>
</kw>
<status endtime="20151103 09:18:28.665" starttime="20151103 09:18:27.889" status="PASS"></status>
</kw>
<status endtime="20151103 09:18:28.666" starttime="20151103 09:18:27.888" status="PASS"></status>
</kw>
<status endtime="20151103 09:18:28.666" starttime="20151103 09:18:27.079" status="PASS"></status>
</kw>
<status endtime="20151103 09:18:28.672" starttime="20151103 09:18:27.046" status="PASS"></status>
</kw>
<status endtime="20151103 09:18:28.681" starttime="20151103 09:18:27.041" status="PASS"></status>
</kw>
<status endtime="20151103 09:18:28.685" starttime="20151103 09:18:26.383" status="PASS"></status>
</kw>
<kw library="CalculatorTestGivenWhenThen" name="User Clicks &quot;${p_operation}&quot; Button">
<kw library="CalculatorTestGlobalHelpers" name="String &quot;${p_button}&quot; Only Contains Numbers">
<kw library="BuiltIn" name="Run Keyword And Return Status">
<doc>Runs the given keyword with given arguments and returns the status as a Boolean value.</doc>
<arguments>
<arg>Should Match Regexp</arg>
<arg>${p_string}</arg>
<arg>[0-9]+</arg>
</arguments>
<assign>
<var>${ret}</var>
</assign>
<kw library="BuiltIn" name="Should Match Regexp">
<doc>Fails if ``string`` does not match ``pattern`` as a regular expression.</doc>
<arguments>
<arg>${p_string}</arg>
<arg>[0-9]+</arg>
</arguments>
<msg level="FAIL" timestamp="20151103 09:18:28.803">'Plus' does not match '[0-9]+'</msg>
<status endtime="20151103 09:18:28.803" starttime="20151103 09:18:28.793" status="FAIL"></status>
</kw>
<msg level="INFO" timestamp="20151103 09:18:28.805">${ret} = False</msg>
<status endtime="20151103 09:18:28.808" starttime="20151103 09:18:28.788" status="PASS"></status>
</kw>
<kw library="BuiltIn" name="Set Test Variable">
<doc>Makes a variable available everywhere within the scope of the current test.</doc>
<arguments>
<arg>${NUMBERS_ONLY}</arg>
<arg>${ret}</arg>
</arguments>
<msg level="INFO" timestamp="20151103 09:18:28.816">${NUMBERS_ONLY} = False</msg>
<status endtime="20151103 09:18:28.817" starttime="20151103 09:18:28.809" status="PASS"></status>
</kw>
<status endtime="20151103 09:18:28.820" starttime="20151103 09:18:28.786" status="PASS"></status>
</kw>
<kw library="BuiltIn" name="Run Keyword If">
<doc>Runs the given keyword with the given arguments, if ``condition`` is true.</doc>
<arguments>
<arg>${NUMBERS_ONLY}</arg>
<arg>Click Number "${p_button}" Button</arg>
<arg>ELSE</arg>
<arg>Click "${p_button}" Button</arg>
</arguments>
<kw library="CalculatorTestGlobalHelpers" name="Click &quot;Plus&quot; Button">
<doc>Clicks a button using the region constants in CalculatorTestConstants.robot</doc>
<kw library="SikuliXRobotLibrary" name="Set New Search Region In Active App">
<doc>Sets new ROI or the search area to a specified ``offsets`` based on original coordinate values of active application in focus.</doc>
<arguments>
<arg>${BUTTON_${p_button_name}_REGION}</arg>
</arguments>
<msg level="INFO" timestamp="20151103 09:18:28.846">Setting new search region to offsets '136, 276, -195, -296'.</msg>
<msg level="INFO" timestamp="20151103 09:18:28.848">Active app region 'R[145,406 228x322]@S(0)[0,0 1600x1200] E:Y, T:3.0'.</msg>
<msg level="INFO" timestamp="20151103 09:18:28.849">New coordinates: x:'281' y:'682 w:'33 h:'26.</msg>
<status endtime="20151103 09:18:28.855" starttime="20151103 09:18:28.838" status="PASS"></status>
</kw>
<kw library="SikuliXRobotLibrary" name="Click Region">
<doc>Left-clicks the center x,y coordinate of a specified ROI or search region.</doc>
<msg level="INFO" timestamp="20151103 09:18:28.865">Clicking specified ROI or search region 'R[281,682 33x26]@S(0)[0,0 1600x1200] E:Y, T:3.0'</msg>
<msg level="INFO" timestamp="20151103 09:18:29.592">[log] CLICK on L(297,695)@S(0)[0,0 1600x1200]</msg>
<status endtime="20151103 09:18:29.596" starttime="20151103 09:18:28.856" status="PASS"></status>
</kw>
<status endtime="20151103 09:18:29.598" starttime="20151103 09:18:28.831" status="PASS"></status>
</kw>
<status endtime="20151103 09:18:29.604" starttime="20151103 09:18:28.821" status="PASS"></status>
</kw>
<status endtime="20151103 09:18:29.622" starttime="20151103 09:18:28.783" status="PASS"></status>
</kw>
<kw library="CalculatorTestGivenWhenThen" name="User Clicks &quot;${p_num2}&quot; Button">
<kw library="CalculatorTestGlobalHelpers" name="String &quot;${p_button}&quot; Only Contains Numbers">
<kw library="BuiltIn" name="Run Keyword And Return Status">
<doc>Runs the given keyword with given arguments and returns the status as a Boolean value.</doc>
<arguments>
<arg>Should Match Regexp</arg>
<arg>${p_string}</arg>
<arg>[0-9]+</arg>
</arguments>
<assign>
<var>${ret}</var>
</assign>
<kw library="BuiltIn" name="Should Match Regexp">
<doc>Fails if ``string`` does not match ``pattern`` as a regular expression.</doc>
<arguments>
<arg>${p_string}</arg>
<arg>[0-9]+</arg>
</arguments>
<status endtime="20151103 09:18:29.657" starttime="20151103 09:18:29.651" status="PASS"></status>
</kw>
<msg level="INFO" timestamp="20151103 09:18:29.658">${ret} = True</msg>
<status endtime="20151103 09:18:29.659" starttime="20151103 09:18:29.648" status="PASS"></status>
</kw>
<kw library="BuiltIn" name="Set Test Variable">
<doc>Makes a variable available everywhere within the scope of the current test.</doc>
<arguments>
<arg>${NUMBERS_ONLY}</arg>
<arg>${ret}</arg>
</arguments>
<msg level="INFO" timestamp="20151103 09:18:29.666">${NUMBERS_ONLY} = True</msg>
<status endtime="20151103 09:18:29.667" starttime="20151103 09:18:29.660" status="PASS"></status>
</kw>
<status endtime="20151103 09:18:29.667" starttime="20151103 09:18:29.633" status="PASS"></status>
</kw>
<kw library="BuiltIn" name="Run Keyword If">
<doc>Runs the given keyword with the given arguments, if ``condition`` is true.</doc>
<arguments>
<arg>${NUMBERS_ONLY}</arg>
<arg>Click Number "${p_button}" Button</arg>
<arg>ELSE</arg>
<arg>Click "${p_button}" Button</arg>
</arguments>
<kw library="CalculatorTestGlobalHelpers" name="Click Number &quot;100&quot; Button">
<kw library="String" name="Split String To Characters">
<doc>Splits the given ``string`` to characters.</doc>
<arguments>
<arg>${p_button}</arg>
</arguments>
<assign>
<var>@{numbers}</var>
</assign>
<msg level="INFO" timestamp="20151103 09:18:29.726">@{numbers} = [ 1 | 0 | 0 ]</msg>
<status endtime="20151103 09:18:29.726" starttime="20151103 09:18:29.688" status="PASS"></status>
</kw>
<kw type="for" name="${number} IN [ @{numbers} ]">
<kw type="foritem" name="${number} = 1">
<kw library="CalculatorTestGlobalHelpers" name="Click &quot;${number}&quot; Button">
<doc>Clicks a button using the region constants in CalculatorTestConstants.robot</doc>
<kw library="SikuliXRobotLibrary" name="Set New Search Region In Active App">
<doc>Sets new ROI or the search area to a specified ``offsets`` based on original coordinate values of active application in focus.</doc>
<arguments>
<arg>${BUTTON_${p_button_name}_REGION}</arg>
</arguments>
<msg level="INFO" timestamp="20151103 09:18:29.739">Setting new search region to offsets '18, 244, -195, -296'.</msg>
<msg level="INFO" timestamp="20151103 09:18:29.740">Active app region 'R[145,406 228x322]@S(0)[0,0 1600x1200] E:Y, T:3.0'.</msg>
<msg level="INFO" timestamp="20151103 09:18:29.740">New coordinates: x:'163' y:'650 w:'33 h:'26.</msg>
<status endtime="20151103 09:18:29.741" starttime="20151103 09:18:29.734" status="PASS"></status>
</kw>
<kw library="SikuliXRobotLibrary" name="Click Region">
<doc>Left-clicks the center x,y coordinate of a specified ROI or search region.</doc>
<msg level="INFO" timestamp="20151103 09:18:29.750">Clicking specified ROI or search region 'R[163,650 33x26]@S(0)[0,0 1600x1200] E:Y, T:3.0'</msg>
<msg level="INFO" timestamp="20151103 09:18:30.473">[log] CLICK on L(179,663)@S(0)[0,0 1600x1200]</msg>
<status endtime="20151103 09:18:30.474" starttime="20151103 09:18:29.743" status="PASS"></status>
</kw>
<status endtime="20151103 09:18:30.476" starttime="20151103 09:18:29.729" status="PASS"></status>
</kw>
<status endtime="20151103 09:18:30.477" starttime="20151103 09:18:29.728" status="PASS"></status>
</kw>
<kw type="foritem" name="${number} = 0">
<kw library="CalculatorTestGlobalHelpers" name="Click &quot;${number}&quot; Button">
<doc>Clicks a button using the region constants in CalculatorTestConstants.robot</doc>
<kw library="SikuliXRobotLibrary" name="Set New Search Region In Active App">
<doc>Sets new ROI or the search area to a specified ``offsets`` based on original coordinate values of active application in focus.</doc>
<arguments>
<arg>${BUTTON_${p_button_name}_REGION}</arg>
</arguments>
<msg level="INFO" timestamp="20151103 09:18:30.543">Setting new search region to offsets '18, 276, -157, -296'.</msg>
<msg level="INFO" timestamp="20151103 09:18:30.544">Active app region 'R[145,406 228x322]@S(0)[0,0 1600x1200] E:Y, T:3.0'.</msg>
<msg level="INFO" timestamp="20151103 09:18:30.544">New coordinates: x:'163' y:'682 w:'71 h:'26.</msg>
<status endtime="20151103 09:18:30.545" starttime="20151103 09:18:30.539" status="PASS"></status>
</kw>
<kw library="SikuliXRobotLibrary" name="Click Region">
<doc>Left-clicks the center x,y coordinate of a specified ROI or search region.</doc>
<msg level="INFO" timestamp="20151103 09:18:30.554">Clicking specified ROI or search region 'R[163,682 71x26]@S(0)[0,0 1600x1200] E:Y, T:3.0'</msg>
<msg level="INFO" timestamp="20151103 09:18:31.283">[log] CLICK on L(198,695)@S(0)[0,0 1600x1200]</msg>
<status endtime="20151103 09:18:31.285" starttime="20151103 09:18:30.547" status="PASS"></status>
</kw>
<status endtime="20151103 09:18:31.294" starttime="20151103 09:18:30.480" status="PASS"></status>
</kw>
<status endtime="20151103 09:18:31.296" starttime="20151103 09:18:30.479" status="PASS"></status>
</kw>
<kw type="foritem" name="${number} = 0">
<kw library="CalculatorTestGlobalHelpers" name="Click &quot;${number}&quot; Button">
<doc>Clicks a button using the region constants in CalculatorTestConstants.robot</doc>
<kw library="SikuliXRobotLibrary" name="Set New Search Region In Active App">
<doc>Sets new ROI or the search area to a specified ``offsets`` based on original coordinate values of active application in focus.</doc>
<arguments>
<arg>${BUTTON_${p_button_name}_REGION}</arg>
</arguments>
<msg level="INFO" timestamp="20151103 09:18:31.319">Setting new search region to offsets '18, 276, -157, -296'.</msg>
<msg level="INFO" timestamp="20151103 09:18:31.394">Active app region 'R[145,406 228x322]@S(0)[0,0 1600x1200] E:Y, T:3.0'.</msg>
<msg level="INFO" timestamp="20151103 09:18:31.400">New coordinates: x:'163' y:'682 w:'71 h:'26.</msg>
<status endtime="20151103 09:18:31.403" starttime="20151103 09:18:31.308" status="PASS"></status>
</kw>
<kw library="SikuliXRobotLibrary" name="Click Region">
<doc>Left-clicks the center x,y coordinate of a specified ROI or search region.</doc>
<msg level="INFO" timestamp="20151103 09:18:31.406">Clicking specified ROI or search region 'R[163,682 71x26]@S(0)[0,0 1600x1200] E:Y, T:3.0'</msg>
<msg level="INFO" timestamp="20151103 09:18:32.136">[log] CLICK on L(198,695)@S(0)[0,0 1600x1200]</msg>
<status endtime="20151103 09:18:32.136" starttime="20151103 09:18:31.404" status="PASS"></status>
</kw>
<status endtime="20151103 09:18:32.140" starttime="20151103 09:18:31.299" status="PASS"></status>
</kw>
<status endtime="20151103 09:18:32.140" starttime="20151103 09:18:31.298" status="PASS"></status>
</kw>
<status endtime="20151103 09:18:32.141" starttime="20151103 09:18:29.727" status="PASS"></status>
</kw>
<status endtime="20151103 09:18:32.144" starttime="20151103 09:18:29.676" status="PASS"></status>
</kw>
<status endtime="20151103 09:18:32.145" starttime="20151103 09:18:29.669" status="PASS"></status>
</kw>
<status endtime="20151103 09:18:32.147" starttime="20151103 09:18:29.628" status="PASS"></status>
</kw>
<status endtime="20151103 09:18:32.150" starttime="20151103 09:18:26.378" status="PASS"></status>
</kw>
<kw library="CalculatorTestGivenWhenThen" name="When User Clicks &quot;Equals&quot; Button">
<kw library="CalculatorTestGlobalHelpers" name="String &quot;${p_button}&quot; Only Contains Numbers">
<kw library="BuiltIn" name="Run Keyword And Return Status">
<doc>Runs the given keyword with given arguments and returns the status as a Boolean value.</doc>
<arguments>
<arg>Should Match Regexp</arg>
<arg>${p_string}</arg>
<arg>[0-9]+</arg>
</arguments>
<assign>
<var>${ret}</var>
</assign>
<kw library="BuiltIn" name="Should Match Regexp">
<doc>Fails if ``string`` does not match ``pattern`` as a regular expression.</doc>
<arguments>
<arg>${p_string}</arg>
<arg>[0-9]+</arg>
</arguments>
<msg level="FAIL" timestamp="20151103 09:18:32.211">'Equals' does not match '[0-9]+'</msg>
<status endtime="20151103 09:18:32.212" starttime="20151103 09:18:32.207" status="FAIL"></status>
</kw>
<msg level="INFO" timestamp="20151103 09:18:32.213">${ret} = False</msg>
<status endtime="20151103 09:18:32.213" starttime="20151103 09:18:32.177" status="PASS"></status>
</kw>
<kw library="BuiltIn" name="Set Test Variable">
<doc>Makes a variable available everywhere within the scope of the current test.</doc>
<arguments>
<arg>${NUMBERS_ONLY}</arg>
<arg>${ret}</arg>
</arguments>
<msg level="INFO" timestamp="20151103 09:18:32.291">${NUMBERS_ONLY} = False</msg>
<status endtime="20151103 09:18:32.291" starttime="20151103 09:18:32.214" status="PASS"></status>
</kw>
<status endtime="20151103 09:18:32.292" starttime="20151103 09:18:32.174" status="PASS"></status>
</kw>
<kw library="BuiltIn" name="Run Keyword If">
<doc>Runs the given keyword with the given arguments, if ``condition`` is true.</doc>
<arguments>
<arg>${NUMBERS_ONLY}</arg>
<arg>Click Number "${p_button}" Button</arg>
<arg>ELSE</arg>
<arg>Click "${p_button}" Button</arg>
</arguments>
<kw library="CalculatorTestGlobalHelpers" name="Click &quot;Equals&quot; Button">
<doc>Clicks a button using the region constants in CalculatorTestConstants.robot</doc>
<kw library="SikuliXRobotLibrary" name="Set New Search Region In Active App">
<doc>Sets new ROI or the search area to a specified ``offsets`` based on original coordinate values of active application in focus.</doc>
<arguments>
<arg>${BUTTON_${p_button_name}_REGION}</arg>
</arguments>
<msg level="INFO" timestamp="20151103 09:18:32.302">Setting new search region to offsets '176, 244, -195, -265'.</msg>
<msg level="INFO" timestamp="20151103 09:18:32.325">Active app region 'R[145,406 228x322]@S(0)[0,0 1600x1200] E:Y, T:3.0'.</msg>
<msg level="INFO" timestamp="20151103 09:18:32.326">New coordinates: x:'321' y:'650 w:'33 h:'57.</msg>
<status endtime="20151103 09:18:32.327" starttime="20151103 09:18:32.299" status="PASS"></status>
</kw>
<kw library="SikuliXRobotLibrary" name="Click Region">
<doc>Left-clicks the center x,y coordinate of a specified ROI or search region.</doc>
<msg level="INFO" timestamp="20151103 09:18:32.333">Clicking specified ROI or search region 'R[321,650 33x57]@S(0)[0,0 1600x1200] E:Y, T:3.0'</msg>
<msg level="INFO" timestamp="20151103 09:18:33.072">[log] CLICK on L(337,678)@S(0)[0,0 1600x1200]</msg>
<status endtime="20151103 09:18:33.073" starttime="20151103 09:18:32.328" status="PASS"></status>
</kw>
<status endtime="20151103 09:18:33.075" starttime="20151103 09:18:32.296" status="PASS"></status>
</kw>
<status endtime="20151103 09:18:33.077" starttime="20151103 09:18:32.293" status="PASS"></status>
</kw>
<status endtime="20151103 09:18:33.078" starttime="20151103 09:18:32.152" status="PASS"></status>
</kw>
<kw library="CalculatorTestGivenWhenThen" name="Then Actual Result Should Be Equal To &quot;${expected_result}&quot;">
<kw library="CalculatorTestGlobalHelpers" name="Get Text In &quot;Calculator Result Screen&quot; Region">
<doc>Returns the text in the specified region ${p_region}</doc>
<assign>
<var>${ACTUAL_ANSWER}</var>
</assign>
<kw library="SikuliXRobotLibrary" name="Set New Search Region In Active App">
<doc>Sets new ROI or the search area to a specified ``offsets`` based on original coordinate values of active application in focus.</doc>
<arguments>
<arg>${${p_region}_REGION}</arg>
</arguments>
<msg level="INFO" timestamp="20151103 09:18:33.106">Setting new search region to offsets '18, 61, -40, -274'.</msg>
<msg level="INFO" timestamp="20151103 09:18:33.107">Active app region 'R[145,406 228x322]@S(0)[0,0 1600x1200] E:Y, T:3.0'.</msg>
<msg level="INFO" timestamp="20151103 09:18:33.107">New coordinates: x:'163' y:'467 w:'188 h:'48.</msg>
<status endtime="20151103 09:18:33.111" starttime="20151103 09:18:33.103" status="PASS"></status>
</kw>
<kw library="SikuliXRobotLibrary" name="Get Text In Search Region">
<doc>Returns the text from a specified ``search location``. </doc>
<arguments>
<arg>region</arg>
</arguments>
<assign>
<var>${p_text}</var>
</assign>
<msg level="INFO" timestamp="20151103 09:18:33.115">Getting texts from at 'region' of specified ROI.</msg>
<msg level="INFO" timestamp="20151103 09:18:33.199">${p_text} = 112</msg>
<status endtime="20151103 09:18:33.199" starttime="20151103 09:18:33.112" status="PASS"></status>
</kw>
<msg level="INFO" timestamp="20151103 09:18:33.202">${ACTUAL_ANSWER} = 112</msg>
<status endtime="20151103 09:18:33.202" starttime="20151103 09:18:33.100" status="PASS"></status>
</kw>
<kw library="BuiltIn" name="Should Be Equal">
<doc>Fails if the given objects are unequal.</doc>
<arguments>
<arg>${ACTUAL_ANSWER}</arg>
<arg>${p_expected_result}</arg>
</arguments>
<msg level="INFO" timestamp="20151103 09:18:33.215">Argument types are:
&lt;type 'str'&gt;
&lt;type 'unicode'&gt;</msg>
<status endtime="20151103 09:18:33.216" starttime="20151103 09:18:33.203" status="PASS"></status>
</kw>
<status endtime="20151103 09:18:33.217" starttime="20151103 09:18:33.080" status="PASS"></status>
</kw>
<status endtime="20151103 09:18:33.219" starttime="20151103 09:18:26.371" status="PASS"></status>
</kw>
<kw type="teardown" library="CalculatorTestGlobalHelpers" name="Close &quot;Calculator&quot; Application">
<kw library="SikuliXRobotLibrary" name="Close Application">
<doc>Checks if the application matching the given ``app_name`` is running then closes it.</doc>
<arguments>
<arg>${p_application_name}</arg>
</arguments>
<msg level="INFO" timestamp="20151103 09:18:33.239">Closing application 'Calculator'.</msg>
<msg level="INFO" timestamp="20151103 09:18:33.454">[log] App.close: [2068:calc.exe]</msg>
<status endtime="20151103 09:18:33.455" starttime="20151103 09:18:33.234" status="PASS"></status>
</kw>
<status endtime="20151103 09:18:33.457" starttime="20151103 09:18:33.231" status="PASS"></status>
</kw>
<tags>
<tag>CalculatorTest</tag>
<tag>DemoTest</tag>
</tags>
<status critical="yes" endtime="20151103 09:18:33.463" starttime="20151103 09:18:25.560" status="PASS"></status>
</test>
<test name="9 + 9 = 18" id="s1-s1-s1-t2">
<kw type="setup" library="CalculatorTestGlobalHelpers" name="Open &quot;Calculator&quot; Application">
<kw library="SikuliXRobotLibrary" name="Check And Open Application">
<doc>Checks if application is running and sets the focus to the application, </doc>
<arguments>
<arg>${${p_app_name}_APP_NAME}</arg>
<arg>${${p_app_name}_EXECUTABLE}</arg>
</arguments>
<msg level="INFO" timestamp="20151103 09:18:33.480">Opening application 'Calculator' in path 'C:/Windows/System32/calc.exe'.</msg>
<msg level="INFO" timestamp="20151103 09:18:33.945">[log] App.open [3408:calc.exe]</msg>
<status endtime="20151103 09:18:33.947" starttime="20151103 09:18:33.478" status="PASS"></status>
</kw>
<kw library="BuiltIn" name="Wait Until Keyword Succeeds">
<doc>Runs the specified keyword and retries if it fails.</doc>
<arguments>
<arg>${TIMEOUT}</arg>
<arg>${RETRY_INTERVAL}</arg>
<arg>Window "Calculator" Should Be Open</arg>
</arguments>
<kw library="CalculatorTestGlobalHelpers" name="Window &quot;Calculator&quot; Should Be Open">
<doc>Checks if ${p_window} has window, returns True if window is available, otherwise False.</doc>
<kw library="BuiltIn" name="Run Keyword And Return Status">
<doc>Runs the given keyword with given arguments and returns the status as a Boolean value.</doc>
<arguments>
<arg>App Has Window</arg>
<arg>${p_window}</arg>
</arguments>
<assign>
<var>${has_window}</var>
</assign>
<kw library="SikuliXRobotLibrary" name="App Has Window">
<doc>Returns `True` if application's window or dialog as specified in `app_name` is open,</doc>
<arguments>
<arg>${p_window}</arg>
</arguments>
<status endtime="20151103 09:18:34.285" starttime="20151103 09:18:33.980" status="PASS"></status>
</kw>
<msg level="INFO" timestamp="20151103 09:18:34.288">${has_window} = True</msg>
<status endtime="20151103 09:18:34.288" starttime="20151103 09:18:33.965" status="PASS"></status>
</kw>
<kw library="BuiltIn" name="Should Be True">
<doc>Fails if the given condition is not true.</doc>
<arguments>
<arg>${has_window}</arg>
</arguments>
<status endtime="20151103 09:18:34.308" starttime="20151103 09:18:34.300" status="PASS"></status>
</kw>
<status endtime="20151103 09:18:34.309" starttime="20151103 09:18:33.962" status="PASS"></status>
</kw>
<status endtime="20151103 09:18:34.311" starttime="20151103 09:18:33.948" status="PASS"></status>
</kw>
<status endtime="20151103 09:18:34.346" starttime="20151103 09:18:33.476" status="PASS"></status>
</kw>
<kw name="Functionality Test">
<arguments>
<arg>9</arg>
<arg>Plus</arg>
<arg>9</arg>
<arg>18</arg>
</arguments>
<kw library="CalculatorTestGivenWhenThen" name="Given User Calculates &quot;${num1}&quot; &quot;${operation}&quot; &quot;${num2}&quot;">
<kw library="CalculatorTestGivenWhenThen" name="User Clicks &quot;${p_num1}&quot; Button">
<kw library="CalculatorTestGlobalHelpers" name="String &quot;${p_button}&quot; Only Contains Numbers">
<kw library="BuiltIn" name="Run Keyword And Return Status">
<doc>Runs the given keyword with given arguments and returns the status as a Boolean value.</doc>
<arguments>
<arg>Should Match Regexp</arg>
<arg>${p_string}</arg>
<arg>[0-9]+</arg>
</arguments>
<assign>
<var>${ret}</var>
</assign>
<kw library="BuiltIn" name="Should Match Regexp">
<doc>Fails if ``string`` does not match ``pattern`` as a regular expression.</doc>
<arguments>
<arg>${p_string}</arg>
<arg>[0-9]+</arg>
</arguments>
<status endtime="20151103 09:18:34.383" starttime="20151103 09:18:34.378" status="PASS"></status>
</kw>
<msg level="INFO" timestamp="20151103 09:18:34.384">${ret} = True</msg>
<status endtime="20151103 09:18:34.385" starttime="20151103 09:18:34.375" status="PASS"></status>
</kw>
<kw library="BuiltIn" name="Set Test Variable">
<doc>Makes a variable available everywhere within the scope of the current test.</doc>
<arguments>
<arg>${NUMBERS_ONLY}</arg>
<arg>${ret}</arg>
</arguments>
<msg level="INFO" timestamp="20151103 09:18:34.393">${NUMBERS_ONLY} = True</msg>
<status endtime="20151103 09:18:34.394" starttime="20151103 09:18:34.386" status="PASS"></status>
</kw>
<status endtime="20151103 09:18:34.395" starttime="20151103 09:18:34.356" status="PASS"></status>
</kw>
<kw library="BuiltIn" name="Run Keyword If">
<doc>Runs the given keyword with the given arguments, if ``condition`` is true.</doc>
<arguments>
<arg>${NUMBERS_ONLY}</arg>
<arg>Click Number "${p_button}" Button</arg>
<arg>ELSE</arg>
<arg>Click "${p_button}" Button</arg>
</arguments>
<kw library="CalculatorTestGlobalHelpers" name="Click Number &quot;9&quot; Button">
<kw library="String" name="Split String To Characters">
<doc>Splits the given ``string`` to characters.</doc>
<arguments>
<arg>${p_button}</arg>
</arguments>
<assign>
<var>@{numbers}</var>
</assign>
<msg level="INFO" timestamp="20151103 09:18:34.415">@{numbers} = [ 9 ]</msg>
<status endtime="20151103 09:18:34.415" starttime="20151103 09:18:34.412" status="PASS"></status>
</kw>
<kw type="for" name="${number} IN [ @{numbers} ]">
<kw type="foritem" name="${number} = 9">
<kw library="CalculatorTestGlobalHelpers" name="Click &quot;${number}&quot; Button">
<doc>Clicks a button using the region constants in CalculatorTestConstants.robot</doc>
<kw library="SikuliXRobotLibrary" name="Set New Search Region In Active App">
<doc>Sets new ROI or the search area to a specified ``offsets`` based on original coordinate values of active application in focus.</doc>
<arguments>
<arg>${BUTTON_${p_button_name}_REGION}</arg>
</arguments>
<msg level="INFO" timestamp="20151103 09:18:34.428">Setting new search region to offsets '98, 180, -195, -296'.</msg>
<msg level="INFO" timestamp="20151103 09:18:34.451">Active app region 'R[145,406 228x322]@S(0)[0,0 1600x1200] E:Y, T:3.0'.</msg>
<msg level="INFO" timestamp="20151103 09:18:34.452">New coordinates: x:'243' y:'586 w:'33 h:'26.</msg>
<status endtime="20151103 09:18:34.453" starttime="20151103 09:18:34.425" status="PASS"></status>
</kw>
<kw library="SikuliXRobotLibrary" name="Click Region">
<doc>Left-clicks the center x,y coordinate of a specified ROI or search region.</doc>
<msg level="INFO" timestamp="20151103 09:18:34.455">Clicking specified ROI or search region 'R[243,586 33x26]@S(0)[0,0 1600x1200] E:Y, T:3.0'</msg>
<msg level="INFO" timestamp="20151103 09:18:35.180">[log] CLICK on L(259,599)@S(0)[0,0 1600x1200]</msg>
<status endtime="20151103 09:18:35.181" starttime="20151103 09:18:34.454" status="PASS"></status>
</kw>
<status endtime="20151103 09:18:35.183" starttime="20151103 09:18:34.418" status="PASS"></status>
</kw>
<status endtime="20151103 09:18:35.184" starttime="20151103 09:18:34.417" status="PASS"></status>
</kw>
<status endtime="20151103 09:18:35.184" starttime="20151103 09:18:34.416" status="PASS"></status>
</kw>
<status endtime="20151103 09:18:35.187" starttime="20151103 09:18:34.407" status="PASS"></status>
</kw>
<status endtime="20151103 09:18:35.189" starttime="20151103 09:18:34.396" status="PASS"></status>
</kw>
<status endtime="20151103 09:18:35.194" starttime="20151103 09:18:34.354" status="PASS"></status>
</kw>
<kw library="CalculatorTestGivenWhenThen" name="User Clicks &quot;${p_operation}&quot; Button">
<kw library="CalculatorTestGlobalHelpers" name="String &quot;${p_button}&quot; Only Contains Numbers">
<kw library="BuiltIn" name="Run Keyword And Return Status">
<doc>Runs the given keyword with given arguments and returns the status as a Boolean value.</doc>
<arguments>
<arg>Should Match Regexp</arg>
<arg>${p_string}</arg>
<arg>[0-9]+</arg>
</arguments>
<assign>
<var>${ret}</var>
</assign>
<kw library="BuiltIn" name="Should Match Regexp">
<doc>Fails if ``string`` does not match ``pattern`` as a regular expression.</doc>
<arguments>
<arg>${p_string}</arg>
<arg>[0-9]+</arg>
</arguments>
<msg level="FAIL" timestamp="20151103 09:18:35.207">'Plus' does not match '[0-9]+'</msg>
<status endtime="20151103 09:18:35.208" starttime="20151103 09:18:35.203" status="FAIL"></status>
</kw>
<msg level="INFO" timestamp="20151103 09:18:35.209">${ret} = False</msg>
<status endtime="20151103 09:18:35.209" starttime="20151103 09:18:35.200" status="PASS"></status>
</kw>
<kw library="BuiltIn" name="Set Test Variable">
<doc>Makes a variable available everywhere within the scope of the current test.</doc>
<arguments>
<arg>${NUMBERS_ONLY}</arg>
<arg>${ret}</arg>
</arguments>
<msg level="INFO" timestamp="20151103 09:18:35.229">${NUMBERS_ONLY} = False</msg>
<status endtime="20151103 09:18:35.230" starttime="20151103 09:18:35.212" status="PASS"></status>
</kw>
<status endtime="20151103 09:18:35.232" starttime="20151103 09:18:35.198" status="PASS"></status>
</kw>
<kw library="BuiltIn" name="Run Keyword If">
<doc>Runs the given keyword with the given arguments, if ``condition`` is true.</doc>
<arguments>
<arg>${NUMBERS_ONLY}</arg>
<arg>Click Number "${p_button}" Button</arg>
<arg>ELSE</arg>
<arg>Click "${p_button}" Button</arg>
</arguments>
<kw library="CalculatorTestGlobalHelpers" name="Click &quot;Plus&quot; Button">
<doc>Clicks a button using the region constants in CalculatorTestConstants.robot</doc>
<kw library="SikuliXRobotLibrary" name="Set New Search Region In Active App">
<doc>Sets new ROI or the search area to a specified ``offsets`` based on original coordinate values of active application in focus.</doc>
<arguments>
<arg>${BUTTON_${p_button_name}_REGION}</arg>
</arguments>
<msg level="INFO" timestamp="20151103 09:18:35.269">Setting new search region to offsets '136, 276, -195, -296'.</msg>
<msg level="INFO" timestamp="20151103 09:18:35.276">Active app region 'R[145,406 228x322]@S(0)[0,0 1600x1200] E:Y, T:3.0'.</msg>
<msg level="INFO" timestamp="20151103 09:18:35.276">New coordinates: x:'281' y:'682 w:'33 h:'26.</msg>
<status endtime="20151103 09:18:35.281" starttime="20151103 09:18:35.238" status="PASS"></status>
</kw>
<kw library="SikuliXRobotLibrary" name="Click Region">
<doc>Left-clicks the center x,y coordinate of a specified ROI or search region.</doc>
<msg level="INFO" timestamp="20151103 09:18:35.696">Clicking specified ROI or search region 'R[281,682 33x26]@S(0)[0,0 1600x1200] E:Y, T:3.0'</msg>
<msg level="INFO" timestamp="20151103 09:18:36.421">[log] CLICK on L(297,695)@S(0)[0,0 1600x1200]</msg>
<status endtime="20151103 09:18:36.422" starttime="20151103 09:18:35.693" status="PASS"></status>
</kw>
<status endtime="20151103 09:18:36.425" starttime="20151103 09:18:35.236" status="PASS"></status>
</kw>
<status endtime="20151103 09:18:36.434" starttime="20151103 09:18:35.233" status="PASS"></status>
</kw>
<status endtime="20151103 09:18:36.437" starttime="20151103 09:18:35.195" status="PASS"></status>
</kw>
<kw library="CalculatorTestGivenWhenThen" name="User Clicks &quot;${p_num2}&quot; Button">
<kw library="CalculatorTestGlobalHelpers" name="String &quot;${p_button}&quot; Only Contains Numbers">
<kw library="BuiltIn" name="Run Keyword And Return Status">
<doc>Runs the given keyword with given arguments and returns the status as a Boolean value.</doc>
<arguments>
<arg>Should Match Regexp</arg>
<arg>${p_string}</arg>
<arg>[0-9]+</arg>
</arguments>
<assign>
<var>${ret}</var>
</assign>
<kw library="BuiltIn" name="Should Match Regexp">
<doc>Fails if ``string`` does not match ``pattern`` as a regular expression.</doc>
<arguments>
<arg>${p_string}</arg>
<arg>[0-9]+</arg>
</arguments>
<status endtime="20151103 09:18:36.772" starttime="20151103 09:18:36.763" status="PASS"></status>
</kw>
<msg level="INFO" timestamp="20151103 09:18:36.788">${ret} = True</msg>
<status endtime="20151103 09:18:36.788" starttime="20151103 09:18:36.754" status="PASS"></status>
</kw>
<kw library="BuiltIn" name="Set Test Variable">
<doc>Makes a variable available everywhere within the scope of the current test.</doc>
<arguments>
<arg>${NUMBERS_ONLY}</arg>
<arg>${ret}</arg>
</arguments>
<msg level="INFO" timestamp="20151103 09:18:36.793">${NUMBERS_ONLY} = True</msg>
<status endtime="20151103 09:18:36.794" starttime="20151103 09:18:36.789" status="PASS"></status>
</kw>
<status endtime="20151103 09:18:36.796" starttime="20151103 09:18:36.750" status="PASS"></status>
</kw>
<kw library="BuiltIn" name="Run Keyword If">
<doc>Runs the given keyword with the given arguments, if ``condition`` is true.</doc>
<arguments>
<arg>${NUMBERS_ONLY}</arg>
<arg>Click Number "${p_button}" Button</arg>
<arg>ELSE</arg>
<arg>Click "${p_button}" Button</arg>
</arguments>
<kw library="CalculatorTestGlobalHelpers" name="Click Number &quot;9&quot; Button">
<kw library="String" name="Split String To Characters">
<doc>Splits the given ``string`` to characters.</doc>
<arguments>
<arg>${p_button}</arg>
</arguments>
<assign>
<var>@{numbers}</var>
</assign>
<msg level="INFO" timestamp="20151103 09:18:36.812">@{numbers} = [ 9 ]</msg>
<status endtime="20151103 09:18:36.812" starttime="20151103 09:18:36.809" status="PASS"></status>
</kw>
<kw type="for" name="${number} IN [ @{numbers} ]">
<kw type="foritem" name="${number} = 9">
<kw library="CalculatorTestGlobalHelpers" name="Click &quot;${number}&quot; Button">
<doc>Clicks a button using the region constants in CalculatorTestConstants.robot</doc>
<kw library="SikuliXRobotLibrary" name="Set New Search Region In Active App">
<doc>Sets new ROI or the search area to a specified ``offsets`` based on original coordinate values of active application in focus.</doc>
<arguments>
<arg>${BUTTON_${p_button_name}_REGION}</arg>
</arguments>
<msg level="INFO" timestamp="20151103 09:18:36.830">Setting new search region to offsets '98, 180, -195, -296'.</msg>
<msg level="INFO" timestamp="20151103 09:18:36.832">Active app region 'R[145,406 228x322]@S(0)[0,0 1600x1200] E:Y, T:3.0'.</msg>
<msg level="INFO" timestamp="20151103 09:18:36.833">New coordinates: x:'243' y:'586 w:'33 h:'26.</msg>
<status endtime="20151103 09:18:36.833" starttime="20151103 09:18:36.819" status="PASS"></status>
</kw>
<kw library="SikuliXRobotLibrary" name="Click Region">
<doc>Left-clicks the center x,y coordinate of a specified ROI or search region.</doc>
<msg level="INFO" timestamp="20151103 09:18:36.836">Clicking specified ROI or search region 'R[243,586 33x26]@S(0)[0,0 1600x1200] E:Y, T:3.0'</msg>
<msg level="INFO" timestamp="20151103 09:18:37.562">[log] CLICK on L(259,599)@S(0)[0,0 1600x1200]</msg>
<status endtime="20151103 09:18:37.564" starttime="20151103 09:18:36.835" status="PASS"></status>
</kw>
<status endtime="20151103 09:18:37.565" starttime="20151103 09:18:36.816" status="PASS"></status>
</kw>
<status endtime="20151103 09:18:37.568" starttime="20151103 09:18:36.814" status="PASS"></status>
</kw>
<status endtime="20151103 09:18:37.568" starttime="20151103 09:18:36.813" status="PASS"></status>
</kw>
<status endtime="20151103 09:18:37.575" starttime="20151103 09:18:36.805" status="PASS"></status>
</kw>
<status endtime="20151103 09:18:37.577" starttime="20151103 09:18:36.797" status="PASS"></status>
</kw>
<status endtime="20151103 09:18:37.581" starttime="20151103 09:18:36.748" status="PASS"></status>
</kw>
<status endtime="20151103 09:18:37.581" starttime="20151103 09:18:34.352" status="PASS"></status>
</kw>
<kw library="CalculatorTestGivenWhenThen" name="When User Clicks &quot;Equals&quot; Button">
<kw library="CalculatorTestGlobalHelpers" name="String &quot;${p_button}&quot; Only Contains Numbers">
<kw library="BuiltIn" name="Run Keyword And Return Status">
<doc>Runs the given keyword with given arguments and returns the status as a Boolean value.</doc>
<arguments>
<arg>Should Match Regexp</arg>
<arg>${p_string}</arg>
<arg>[0-9]+</arg>
</arguments>
<assign>
<var>${ret}</var>
</assign>
<kw library="BuiltIn" name="Should Match Regexp">
<doc>Fails if ``string`` does not match ``pattern`` as a regular expression.</doc>
<arguments>
<arg>${p_string}</arg>
<arg>[0-9]+</arg>
</arguments>
<msg level="FAIL" timestamp="20151103 09:18:37.678">'Equals' does not match '[0-9]+'</msg>
<status endtime="20151103 09:18:37.680" starttime="20151103 09:18:37.676" status="FAIL"></status>
</kw>
<msg level="INFO" timestamp="20151103 09:18:37.680">${ret} = False</msg>
<status endtime="20151103 09:18:37.680" starttime="20151103 09:18:37.621" status="PASS"></status>
</kw>
<kw library="BuiltIn" name="Set Test Variable">
<doc>Makes a variable available everywhere within the scope of the current test.</doc>
<arguments>
<arg>${NUMBERS_ONLY}</arg>
<arg>${ret}</arg>
</arguments>
<msg level="INFO" timestamp="20151103 09:18:37.685">${NUMBERS_ONLY} = False</msg>
<status endtime="20151103 09:18:37.685" starttime="20151103 09:18:37.682" status="PASS"></status>
</kw>
<status endtime="20151103 09:18:37.687" starttime="20151103 09:18:37.589" status="PASS"></status>
</kw>
<kw library="BuiltIn" name="Run Keyword If">
<doc>Runs the given keyword with the given arguments, if ``condition`` is true.</doc>
<arguments>
<arg>${NUMBERS_ONLY}</arg>
<arg>Click Number "${p_button}" Button</arg>
<arg>ELSE</arg>
<arg>Click "${p_button}" Button</arg>
</arguments>
<kw library="CalculatorTestGlobalHelpers" name="Click &quot;Equals&quot; Button">
<doc>Clicks a button using the region constants in CalculatorTestConstants.robot</doc>
<kw library="SikuliXRobotLibrary" name="Set New Search Region In Active App">
<doc>Sets new ROI or the search area to a specified ``offsets`` based on original coordinate values of active application in focus.</doc>
<arguments>
<arg>${BUTTON_${p_button_name}_REGION}</arg>
</arguments>
<msg level="INFO" timestamp="20151103 09:18:37.697">Setting new search region to offsets '176, 244, -195, -265'.</msg>
<msg level="INFO" timestamp="20151103 09:18:37.697">Active app region 'R[145,406 228x322]@S(0)[0,0 1600x1200] E:Y, T:3.0'.</msg>
<msg level="INFO" timestamp="20151103 09:18:37.698">New coordinates: x:'321' y:'650 w:'33 h:'57.</msg>
<status endtime="20151103 09:18:37.699" starttime="20151103 09:18:37.693" status="PASS"></status>
</kw>
<kw library="SikuliXRobotLibrary" name="Click Region">
<doc>Left-clicks the center x,y coordinate of a specified ROI or search region.</doc>
<msg level="INFO" timestamp="20151103 09:18:37.712">Clicking specified ROI or search region 'R[321,650 33x57]@S(0)[0,0 1600x1200] E:Y, T:3.0'</msg>
<msg level="INFO" timestamp="20151103 09:18:38.441">[log] CLICK on L(337,678)@S(0)[0,0 1600x1200]</msg>
<status endtime="20151103 09:18:38.443" starttime="20151103 09:18:37.708" status="PASS"></status>
</kw>
<status endtime="20151103 09:18:38.445" starttime="20151103 09:18:37.690" status="PASS"></status>
</kw>
<status endtime="20151103 09:18:38.447" starttime="20151103 09:18:37.687" status="PASS"></status>
</kw>
<status endtime="20151103 09:18:38.453" starttime="20151103 09:18:37.586" status="PASS"></status>
</kw>
<kw library="CalculatorTestGivenWhenThen" name="Then Actual Result Should Be Equal To &quot;${expected_result}&quot;">
<kw library="CalculatorTestGlobalHelpers" name="Get Text In &quot;Calculator Result Screen&quot; Region">
<doc>Returns the text in the specified region ${p_region}</doc>
<assign>
<var>${ACTUAL_ANSWER}</var>
</assign>
<kw library="SikuliXRobotLibrary" name="Set New Search Region In Active App">
<doc>Sets new ROI or the search area to a specified ``offsets`` based on original coordinate values of active application in focus.</doc>
<arguments>
<arg>${${p_region}_REGION}</arg>
</arguments>
<msg level="INFO" timestamp="20151103 09:18:38.502">Setting new search region to offsets '18, 61, -40, -274'.</msg>
<msg level="INFO" timestamp="20151103 09:18:38.502">Active app region 'R[145,406 228x322]@S(0)[0,0 1600x1200] E:Y, T:3.0'.</msg>
<msg level="INFO" timestamp="20151103 09:18:38.503">New coordinates: x:'163' y:'467 w:'188 h:'48.</msg>
<status endtime="20151103 09:18:38.504" starttime="20151103 09:18:38.496" status="PASS"></status>
</kw>
<kw library="SikuliXRobotLibrary" name="Get Text In Search Region">
<doc>Returns the text from a specified ``search location``. </doc>
<arguments>
<arg>region</arg>
</arguments>
<assign>
<var>${p_text}</var>
</assign>
<msg level="INFO" timestamp="20151103 09:18:38.507">Getting texts from at 'region' of specified ROI.</msg>
<msg level="INFO" timestamp="20151103 09:18:38.666">${p_text} = 18</msg>
<status endtime="20151103 09:18:38.666" starttime="20151103 09:18:38.506" status="PASS"></status>
</kw>
<msg level="INFO" timestamp="20151103 09:18:38.666">${ACTUAL_ANSWER} = 18</msg>
<status endtime="20151103 09:18:38.666" starttime="20151103 09:18:38.493" status="PASS"></status>
</kw>
<kw library="BuiltIn" name="Should Be Equal">
<doc>Fails if the given objects are unequal.</doc>
<arguments>
<arg>${ACTUAL_ANSWER}</arg>
<arg>${p_expected_result}</arg>
</arguments>
<msg level="INFO" timestamp="20151103 09:18:38.678">Argument types are:
&lt;type 'str'&gt;
&lt;type 'unicode'&gt;</msg>
<status endtime="20151103 09:18:38.686" starttime="20151103 09:18:38.670" status="PASS"></status>
</kw>
<status endtime="20151103 09:18:38.687" starttime="20151103 09:18:38.458" status="PASS"></status>
</kw>
<status endtime="20151103 09:18:38.688" starttime="20151103 09:18:34.347" status="PASS"></status>
</kw>
<kw type="teardown" library="CalculatorTestGlobalHelpers" name="Close &quot;Calculator&quot; Application">
<kw library="SikuliXRobotLibrary" name="Close Application">
<doc>Checks if the application matching the given ``app_name`` is running then closes it.</doc>
<arguments>
<arg>${p_application_name}</arg>
</arguments>
<msg level="INFO" timestamp="20151103 09:18:38.750">Closing application 'Calculator'.</msg>
<msg level="INFO" timestamp="20151103 09:18:38.945">[log] App.close: [3408:calc.exe]</msg>
<status endtime="20151103 09:18:38.946" starttime="20151103 09:18:38.745" status="PASS"></status>
</kw>
<status endtime="20151103 09:18:38.947" starttime="20151103 09:18:38.690" status="PASS"></status>
</kw>
<tags>
<tag>CalculatorTest</tag>
<tag>DemoTest</tag>
</tags>
<status critical="yes" endtime="20151103 09:18:38.957" starttime="20151103 09:18:33.473" status="PASS"></status>
</test>
<test name="112 - 100 = 12" id="s1-s1-s1-t3">
<kw type="setup" library="CalculatorTestGlobalHelpers" name="Open &quot;Calculator&quot; Application">
<kw library="SikuliXRobotLibrary" name="Check And Open Application">
<doc>Checks if application is running and sets the focus to the application, </doc>
<arguments>
<arg>${${p_app_name}_APP_NAME}</arg>
<arg>${${p_app_name}_EXECUTABLE}</arg>
</arguments>
<msg level="INFO" timestamp="20151103 09:18:38.979">Opening application 'Calculator' in path 'C:/Windows/System32/calc.exe'.</msg>
<msg level="INFO" timestamp="20151103 09:18:39.229">[log] App.open [1676:calc.exe]</msg>
<status endtime="20151103 09:18:39.231" starttime="20151103 09:18:38.973" status="PASS"></status>
</kw>
<kw library="BuiltIn" name="Wait Until Keyword Succeeds">
<doc>Runs the specified keyword and retries if it fails.</doc>
<arguments>
<arg>${TIMEOUT}</arg>
<arg>${RETRY_INTERVAL}</arg>
<arg>Window "Calculator" Should Be Open</arg>
</arguments>
<kw library="CalculatorTestGlobalHelpers" name="Window &quot;Calculator&quot; Should Be Open">
<doc>Checks if ${p_window} has window, returns True if window is available, otherwise False.</doc>
<kw library="BuiltIn" name="Run Keyword And Return Status">
<doc>Runs the given keyword with given arguments and returns the status as a Boolean value.</doc>
<arguments>
<arg>App Has Window</arg>
<arg>${p_window}</arg>
</arguments>
<assign>
<var>${has_window}</var>
</assign>
<kw library="SikuliXRobotLibrary" name="App Has Window">
<doc>Returns `True` if application's window or dialog as specified in `app_name` is open,</doc>
<arguments>
<arg>${p_window}</arg>
</arguments>
<status endtime="20151103 09:18:39.592" starttime="20151103 09:18:39.275" status="PASS"></status>
</kw>
<msg level="INFO" timestamp="20151103 09:18:39.594">${has_window} = True</msg>
<status endtime="20151103 09:18:39.594" starttime="20151103 09:18:39.274" status="PASS"></status>
</kw>
<kw library="BuiltIn" name="Should Be True">
<doc>Fails if the given condition is not true.</doc>
<arguments>
<arg>${has_window}</arg>
</arguments>
<status endtime="20151103 09:18:39.597" starttime="20151103 09:18:39.596" status="PASS"></status>
</kw>
<status endtime="20151103 09:18:39.599" starttime="20151103 09:18:39.271" status="PASS"></status>
</kw>
<status endtime="20151103 09:18:39.600" starttime="20151103 09:18:39.233" status="PASS"></status>
</kw>
<status endtime="20151103 09:18:39.605" starttime="20151103 09:18:38.970" status="PASS"></status>
</kw>
<kw name="Functionality Test">
<arguments>
<arg>112</arg>
<arg>Minus</arg>
<arg>100</arg>
<arg>12</arg>
</arguments>
<kw library="CalculatorTestGivenWhenThen" name="Given User Calculates &quot;${num1}&quot; &quot;${operation}&quot; &quot;${num2}&quot;">
<kw library="CalculatorTestGivenWhenThen" name="User Clicks &quot;${p_num1}&quot; Button">
<kw library="CalculatorTestGlobalHelpers" name="String &quot;${p_button}&quot; Only Contains Numbers">
<kw library="BuiltIn" name="Run Keyword And Return Status">
<doc>Runs the given keyword with given arguments and returns the status as a Boolean value.</doc>
<arguments>
<arg>Should Match Regexp</arg>
<arg>${p_string}</arg>
<arg>[0-9]+</arg>
</arguments>
<assign>
<var>${ret}</var>
</assign>
<kw library="BuiltIn" name="Should Match Regexp">
<doc>Fails if ``string`` does not match ``pattern`` as a regular expression.</doc>
<arguments>
<arg>${p_string}</arg>
<arg>[0-9]+</arg>
</arguments>
<status endtime="20151103 09:18:39.628" starttime="20151103 09:18:39.625" status="PASS"></status>
</kw>
<msg level="INFO" timestamp="20151103 09:18:39.629">${ret} = True</msg>
<status endtime="20151103 09:18:39.629" starttime="20151103 09:18:39.619" status="PASS"></status>
</kw>
<kw library="BuiltIn" name="Set Test Variable">
<doc>Makes a variable available everywhere within the scope of the current test.</doc>
<arguments>
<arg>${NUMBERS_ONLY}</arg>
<arg>${ret}</arg>
</arguments>
<msg level="INFO" timestamp="20151103 09:18:39.641">${NUMBERS_ONLY} = True</msg>
<status endtime="20151103 09:18:39.642" starttime="20151103 09:18:39.631" status="PASS"></status>
</kw>
<status endtime="20151103 09:18:39.643" starttime="20151103 09:18:39.616" status="PASS"></status>
</kw>
<kw library="BuiltIn" name="Run Keyword If">
<doc>Runs the given keyword with the given arguments, if ``condition`` is true.</doc>
<arguments>
<arg>${NUMBERS_ONLY}</arg>
<arg>Click Number "${p_button}" Button</arg>
<arg>ELSE</arg>
<arg>Click "${p_button}" Button</arg>
</arguments>
<kw library="CalculatorTestGlobalHelpers" name="Click Number &quot;112&quot; Button">
<kw library="String" name="Split String To Characters">
<doc>Splits the given ``string`` to characters.</doc>
<arguments>
<arg>${p_button}</arg>
</arguments>
<assign>
<var>@{numbers}</var>
</assign>
<msg level="INFO" timestamp="20151103 09:18:39.657">@{numbers} = [ 1 | 1 | 2 ]</msg>
<status endtime="20151103 09:18:39.657" starttime="20151103 09:18:39.651" status="PASS"></status>
</kw>
<kw type="for" name="${number} IN [ @{numbers} ]">
<kw type="foritem" name="${number} = 1">
<kw library="CalculatorTestGlobalHelpers" name="Click &quot;${number}&quot; Button">
<doc>Clicks a button using the region constants in CalculatorTestConstants.robot</doc>
<kw library="SikuliXRobotLibrary" name="Set New Search Region In Active App">
<doc>Sets new ROI or the search area to a specified ``offsets`` based on original coordinate values of active application in focus.</doc>
<arguments>
<arg>${BUTTON_${p_button_name}_REGION}</arg>
</arguments>
<msg level="INFO" timestamp="20151103 09:18:39.665">Setting new search region to offsets '18, 244, -195, -296'.</msg>
<msg level="INFO" timestamp="20151103 09:18:39.666">Active app region 'R[145,406 228x322]@S(0)[0,0 1600x1200] E:Y, T:3.0'.</msg>
<msg level="INFO" timestamp="20151103 09:18:39.666">New coordinates: x:'163' y:'650 w:'33 h:'26.</msg>
<status endtime="20151103 09:18:39.666" starttime="20151103 09:18:39.663" status="PASS"></status>
</kw>
<kw library="SikuliXRobotLibrary" name="Click Region">
<doc>Left-clicks the center x,y coordinate of a specified ROI or search region.</doc>
<msg level="INFO" timestamp="20151103 09:18:39.669">Clicking specified ROI or search region 'R[163,650 33x26]@S(0)[0,0 1600x1200] E:Y, T:3.0'</msg>
<msg level="INFO" timestamp="20151103 09:18:40.394">[log] CLICK on L(179,663)@S(0)[0,0 1600x1200]</msg>
<status endtime="20151103 09:18:40.395" starttime="20151103 09:18:39.667" status="PASS"></status>
</kw>
<status endtime="20151103 09:18:40.396" starttime="20151103 09:18:39.660" status="PASS"></status>
</kw>
<status endtime="20151103 09:18:40.398" starttime="20151103 09:18:39.658" status="PASS"></status>
</kw>
<kw type="foritem" name="${number} = 1">
<kw library="CalculatorTestGlobalHelpers" name="Click &quot;${number}&quot; Button">
<doc>Clicks a button using the region constants in CalculatorTestConstants.robot</doc>
<kw library="SikuliXRobotLibrary" name="Set New Search Region In Active App">
<doc>Sets new ROI or the search area to a specified ``offsets`` based on original coordinate values of active application in focus.</doc>
<arguments>
<arg>${BUTTON_${p_button_name}_REGION}</arg>
</arguments>
<msg level="INFO" timestamp="20151103 09:18:40.410">Setting new search region to offsets '18, 244, -195, -296'.</msg>
<msg level="INFO" timestamp="20151103 09:18:40.411">Active app region 'R[145,406 228x322]@S(0)[0,0 1600x1200] E:Y, T:3.0'.</msg>
<msg level="INFO" timestamp="20151103 09:18:40.411">New coordinates: x:'163' y:'650 w:'33 h:'26.</msg>
<status endtime="20151103 09:18:40.457" starttime="20151103 09:18:40.402" status="PASS"></status>
</kw>
<kw library="SikuliXRobotLibrary" name="Click Region">
<doc>Left-clicks the center x,y coordinate of a specified ROI or search region.</doc>
<msg level="INFO" timestamp="20151103 09:18:40.460">Clicking specified ROI or search region 'R[163,650 33x26]@S(0)[0,0 1600x1200] E:Y, T:3.0'</msg>
<msg level="INFO" timestamp="20151103 09:18:41.185">[log] CLICK on L(179,663)@S(0)[0,0 1600x1200]</msg>
<status endtime="20151103 09:18:41.187" starttime="20151103 09:18:40.458" status="PASS"></status>
</kw>
<status endtime="20151103 09:18:41.188" starttime="20151103 09:18:40.400" status="PASS"></status>
</kw>
<status endtime="20151103 09:18:41.188" starttime="20151103 09:18:40.399" status="PASS"></status>
</kw>
<kw type="foritem" name="${number} = 2">
<kw library="CalculatorTestGlobalHelpers" name="Click &quot;${number}&quot; Button">
<doc>Clicks a button using the region constants in CalculatorTestConstants.robot</doc>
<kw library="SikuliXRobotLibrary" name="Set New Search Region In Active App">
<doc>Sets new ROI or the search area to a specified ``offsets`` based on original coordinate values of active application in focus.</doc>
<arguments>
<arg>${BUTTON_${p_button_name}_REGION}</arg>
</arguments>
<msg level="INFO" timestamp="20151103 09:18:41.207">Setting new search region to offsets '58, 244, -195, -296'.</msg>
<msg level="INFO" timestamp="20151103 09:18:41.208">Active app region 'R[145,406 228x322]@S(0)[0,0 1600x1200] E:Y, T:3.0'.</msg>
<msg level="INFO" timestamp="20151103 09:18:41.208">New coordinates: x:'203' y:'650 w:'33 h:'26.</msg>
<status endtime="20151103 09:18:41.210" starttime="20151103 09:18:41.202" status="PASS"></status>
</kw>
<kw library="SikuliXRobotLibrary" name="Click Region">
<doc>Left-clicks the center x,y coordinate of a specified ROI or search region.</doc>
<msg level="INFO" timestamp="20151103 09:18:41.220">Clicking specified ROI or search region 'R[203,650 33x26]@S(0)[0,0 1600x1200] E:Y, T:3.0'</msg>
<msg level="INFO" timestamp="20151103 09:18:41.946">[log] CLICK on L(219,663)@S(0)[0,0 1600x1200]</msg>
<status endtime="20151103 09:18:41.946" starttime="20151103 09:18:41.218" status="PASS"></status>
</kw>
<status endtime="20151103 09:18:41.947" starttime="20151103 09:18:41.191" status="PASS"></status>
</kw>
<status endtime="20151103 09:18:41.948" starttime="20151103 09:18:41.190" status="PASS"></status>
</kw>
<status endtime="20151103 09:18:41.949" starttime="20151103 09:18:39.657" status="PASS"></status>
</kw>
<status endtime="20151103 09:18:41.950" starttime="20151103 09:18:39.648" status="PASS"></status>
</kw>
<status endtime="20151103 09:18:41.959" starttime="20151103 09:18:39.644" status="PASS"></status>
</kw>
<status endtime="20151103 09:18:41.961" starttime="20151103 09:18:39.612" status="PASS"></status>
</kw>
<kw library="CalculatorTestGivenWhenThen" name="User Clicks &quot;${p_operation}&quot; Button">
<kw library="CalculatorTestGlobalHelpers" name="String &quot;${p_button}&quot; Only Contains Numbers">
<kw library="BuiltIn" name="Run Keyword And Return Status">
<doc>Runs the given keyword with given arguments and returns the status as a Boolean value.</doc>
<arguments>
<arg>Should Match Regexp</arg>
<arg>${p_string}</arg>
<arg>[0-9]+</arg>
</arguments>
<assign>
<var>${ret}</var>
</assign>
<kw library="BuiltIn" name="Should Match Regexp">
<doc>Fails if ``string`` does not match ``pattern`` as a regular expression.</doc>
<arguments>
<arg>${p_string}</arg>
<arg>[0-9]+</arg>
</arguments>
<msg level="FAIL" timestamp="20151103 09:18:41.985">'Minus' does not match '[0-9]+'</msg>
<status endtime="20151103 09:18:41.985" starttime="20151103 09:18:41.981" status="FAIL"></status>
</kw>
<msg level="INFO" timestamp="20151103 09:18:41.986">${ret} = False</msg>
<status endtime="20151103 09:18:41.986" starttime="20151103 09:18:41.979" status="PASS"></status>
</kw>
<kw library="BuiltIn" name="Set Test Variable">
<doc>Makes a variable available everywhere within the scope of the current test.</doc>
<arguments>
<arg>${NUMBERS_ONLY}</arg>
<arg>${ret}</arg>
</arguments>
<msg level="INFO" timestamp="20151103 09:18:41.990">${NUMBERS_ONLY} = False</msg>
<status endtime="20151103 09:18:41.990" starttime="20151103 09:18:41.988" status="PASS"></status>
</kw>
<status endtime="20151103 09:18:41.991" starttime="20151103 09:18:41.975" status="PASS"></status>
</kw>
<kw library="BuiltIn" name="Run Keyword If">
<doc>Runs the given keyword with the given arguments, if ``condition`` is true.</doc>
<arguments>
<arg>${NUMBERS_ONLY}</arg>
<arg>Click Number "${p_button}" Button</arg>
<arg>ELSE</arg>
<arg>Click "${p_button}" Button</arg>
</arguments>
<kw library="CalculatorTestGlobalHelpers" name="Click &quot;Minus&quot; Button">
<doc>Clicks a button using the region constants in CalculatorTestConstants.robot</doc>
<kw library="SikuliXRobotLibrary" name="Set New Search Region In Active App">
<doc>Sets new ROI or the search area to a specified ``offsets`` based on original coordinate values of active application in focus.</doc>
<arguments>
<arg>${BUTTON_${p_button_name}_REGION}</arg>
</arguments>
<msg level="INFO" timestamp="20151103 09:18:42.032">Setting new search region to offsets '136, 244, -195, -296'.</msg>
<msg level="INFO" timestamp="20151103 09:18:42.032">Active app region 'R[145,406 228x322]@S(0)[0,0 1600x1200] E:Y, T:3.0'.</msg>
<msg level="INFO" timestamp="20151103 09:18:42.032">New coordinates: x:'281' y:'650 w:'33 h:'26.</msg>
<status endtime="20151103 09:18:42.034" starttime="20151103 09:18:41.997" status="PASS"></status>
</kw>
<kw library="SikuliXRobotLibrary" name="Click Region">
<doc>Left-clicks the center x,y coordinate of a specified ROI or search region.</doc>
<msg level="INFO" timestamp="20151103 09:18:42.037">Clicking specified ROI or search region 'R[281,650 33x26]@S(0)[0,0 1600x1200] E:Y, T:3.0'</msg>
<msg level="INFO" timestamp="20151103 09:18:42.764">[log] CLICK on L(297,663)@S(0)[0,0 1600x1200]</msg>
<status endtime="20151103 09:18:42.765" starttime="20151103 09:18:42.036" status="PASS"></status>
</kw>
<status endtime="20151103 09:18:42.768" starttime="20151103 09:18:41.995" status="PASS"></status>
</kw>
<status endtime="20151103 09:18:42.770" starttime="20151103 09:18:41.992" status="PASS"></status>
</kw>
<status endtime="20151103 09:18:42.771" starttime="20151103 09:18:41.973" status="PASS"></status>
</kw>
<kw library="CalculatorTestGivenWhenThen" name="User Clicks &quot;${p_num2}&quot; Button">
<kw library="CalculatorTestGlobalHelpers" name="String &quot;${p_button}&quot; Only Contains Numbers">
<kw library="BuiltIn" name="Run Keyword And Return Status">
<doc>Runs the given keyword with given arguments and returns the status as a Boolean value.</doc>
<arguments>
<arg>Should Match Regexp</arg>
<arg>${p_string}</arg>
<arg>[0-9]+</arg>
</arguments>
<assign>
<var>${ret}</var>
</assign>
<kw library="BuiltIn" name="Should Match Regexp">
<doc>Fails if ``string`` does not match ``pattern`` as a regular expression.</doc>
<arguments>
<arg>${p_string}</arg>
<arg>[0-9]+</arg>
</arguments>
<status endtime="20151103 09:18:42.781" starttime="20151103 09:18:42.779" status="PASS"></status>
</kw>
<msg level="INFO" timestamp="20151103 09:18:42.789">${ret} = True</msg>
<status endtime="20151103 09:18:42.789" starttime="20151103 09:18:42.776" status="PASS"></status>
</kw>
<kw library="BuiltIn" name="Set Test Variable">
<doc>Makes a variable available everywhere within the scope of the current test.</doc>
<arguments>
<arg>${NUMBERS_ONLY}</arg>
<arg>${ret}</arg>
</arguments>
<msg level="INFO" timestamp="20151103 09:18:42.800">${NUMBERS_ONLY} = True</msg>
<status endtime="20151103 09:18:42.801" starttime="20151103 09:18:42.790" status="PASS"></status>
</kw>
<status endtime="20151103 09:18:42.803" starttime="20151103 09:18:42.774" status="PASS"></status>
</kw>
<kw library="BuiltIn" name="Run Keyword If">
<doc>Runs the given keyword with the given arguments, if ``condition`` is true.</doc>
<arguments>
<arg>${NUMBERS_ONLY}</arg>
<arg>Click Number "${p_button}" Button</arg>
<arg>ELSE</arg>
<arg>Click "${p_button}" Button</arg>
</arguments>
<kw library="CalculatorTestGlobalHelpers" name="Click Number &quot;100&quot; Button">
<kw library="String" name="Split String To Characters">
<doc>Splits the given ``string`` to characters.</doc>
<arguments>
<arg>${p_button}</arg>
</arguments>
<assign>
<var>@{numbers}</var>
</assign>
<msg level="INFO" timestamp="20151103 09:18:42.814">@{numbers} = [ 1 | 0 | 0 ]</msg>
<status endtime="20151103 09:18:42.931" starttime="20151103 09:18:42.809" status="PASS"></status>
</kw>
<kw type="for" name="${number} IN [ @{numbers} ]">
<kw type="foritem" name="${number} = 1">
<kw library="CalculatorTestGlobalHelpers" name="Click &quot;${number}&quot; Button">
<doc>Clicks a button using the region constants in CalculatorTestConstants.robot</doc>
<kw library="SikuliXRobotLibrary" name="Set New Search Region In Active App">
<doc>Sets new ROI or the search area to a specified ``offsets`` based on original coordinate values of active application in focus.</doc>
<arguments>
<arg>${BUTTON_${p_button_name}_REGION}</arg>
</arguments>
<msg level="INFO" timestamp="20151103 09:18:42.951">Setting new search region to offsets '18, 244, -195, -296'.</msg>
<msg level="INFO" timestamp="20151103 09:18:42.952">Active app region 'R[145,406 228x322]@S(0)[0,0 1600x1200] E:Y, T:3.0'.</msg>
<msg level="INFO" timestamp="20151103 09:18:42.953">New coordinates: x:'163' y:'650 w:'33 h:'26.</msg>
<status endtime="20151103 09:18:42.954" starttime="20151103 09:18:42.949" status="PASS"></status>
</kw>
<kw library="SikuliXRobotLibrary" name="Click Region">
<doc>Left-clicks the center x,y coordinate of a specified ROI or search region.</doc>
<msg level="INFO" timestamp="20151103 09:18:42.958">Clicking specified ROI or search region 'R[163,650 33x26]@S(0)[0,0 1600x1200] E:Y, T:3.0'</msg>
<msg level="INFO" timestamp="20151103 09:18:43.684">[log] CLICK on L(179,663)@S(0)[0,0 1600x1200]</msg>
<status endtime="20151103 09:18:43.685" starttime="20151103 09:18:42.956" status="PASS"></status>
</kw>
<status endtime="20151103 09:18:43.686" starttime="20151103 09:18:42.947" status="PASS"></status>
</kw>
<status endtime="20151103 09:18:43.687" starttime="20151103 09:18:42.934" status="PASS"></status>
</kw>
<kw type="foritem" name="${number} = 0">
<kw library="CalculatorTestGlobalHelpers" name="Click &quot;${number}&quot; Button">
<doc>Clicks a button using the region constants in CalculatorTestConstants.robot</doc>
<kw library="SikuliXRobotLibrary" name="Set New Search Region In Active App">
<doc>Sets new ROI or the search area to a specified ``offsets`` based on original coordinate values of active application in focus.</doc>
<arguments>
<arg>${BUTTON_${p_button_name}_REGION}</arg>
</arguments>
<msg level="INFO" timestamp="20151103 09:18:43.694">Setting new search region to offsets '18, 276, -157, -296'.</msg>
<msg level="INFO" timestamp="20151103 09:18:43.696">Active app region 'R[145,406 228x322]@S(0)[0,0 1600x1200] E:Y, T:3.0'.</msg>
<msg level="INFO" timestamp="20151103 09:18:43.696">New coordinates: x:'163' y:'682 w:'71 h:'26.</msg>
<status endtime="20151103 09:18:43.697" starttime="20151103 09:18:43.691" status="PASS"></status>
</kw>
<kw library="SikuliXRobotLibrary" name="Click Region">
<doc>Left-clicks the center x,y coordinate of a specified ROI or search region.</doc>
<msg level="INFO" timestamp="20151103 09:18:43.743">Clicking specified ROI or search region 'R[163,682 71x26]@S(0)[0,0 1600x1200] E:Y, T:3.0'</msg>
<msg level="INFO" timestamp="20151103 09:18:44.467">[log] CLICK on L(198,695)@S(0)[0,0 1600x1200]</msg>
<status endtime="20151103 09:18:44.469" starttime="20151103 09:18:43.741" status="PASS"></status>
</kw>
<status endtime="20151103 09:18:44.471" starttime="20151103 09:18:43.689" status="PASS"></status>
</kw>
<status endtime="20151103 09:18:44.473" starttime="20151103 09:18:43.688" status="PASS"></status>
</kw>
<kw type="foritem" name="${number} = 0">
<kw library="CalculatorTestGlobalHelpers" name="Click &quot;${number}&quot; Button">
<doc>Clicks a button using the region constants in CalculatorTestConstants.robot</doc>
<kw library="SikuliXRobotLibrary" name="Set New Search Region In Active App">
<doc>Sets new ROI or the search area to a specified ``offsets`` based on original coordinate values of active application in focus.</doc>
<arguments>
<arg>${BUTTON_${p_button_name}_REGION}</arg>
</arguments>
<msg level="INFO" timestamp="20151103 09:18:44.604">Setting new search region to offsets '18, 276, -157, -296'.</msg>
<msg level="INFO" timestamp="20151103 09:18:44.606">Active app region 'R[145,406 228x322]@S(0)[0,0 1600x1200] E:Y, T:3.0'.</msg>
<msg level="INFO" timestamp="20151103 09:18:44.606">New coordinates: x:'163' y:'682 w:'71 h:'26.</msg>
<status endtime="20151103 09:18:44.608" starttime="20151103 09:18:44.507" status="PASS"></status>
</kw>
<kw library="SikuliXRobotLibrary" name="Click Region">
<doc>Left-clicks the center x,y coordinate of a specified ROI or search region.</doc>
<msg level="INFO" timestamp="20151103 09:18:44.622">Clicking specified ROI or search region 'R[163,682 71x26]@S(0)[0,0 1600x1200] E:Y, T:3.0'</msg>
<msg level="INFO" timestamp="20151103 09:18:45.348">[log] CLICK on L(198,695)@S(0)[0,0 1600x1200]</msg>
<status endtime="20151103 09:18:45.349" starttime="20151103 09:18:44.609" status="PASS"></status>
</kw>
<status endtime="20151103 09:18:45.351" starttime="20151103 09:18:44.505" status="PASS"></status>
</kw>
<status endtime="20151103 09:18:45.394" starttime="20151103 09:18:44.475" status="PASS"></status>
</kw>
<status endtime="20151103 09:18:45.395" starttime="20151103 09:18:42.933" status="PASS"></status>
</kw>
<status endtime="20151103 09:18:45.401" starttime="20151103 09:18:42.808" status="PASS"></status>
</kw>
<status endtime="20151103 09:18:45.402" starttime="20151103 09:18:42.804" status="PASS"></status>
</kw>
<status endtime="20151103 09:18:45.404" starttime="20151103 09:18:42.772" status="PASS"></status>
</kw>
<status endtime="20151103 09:18:45.428" starttime="20151103 09:18:39.610" status="PASS"></status>
</kw>
<kw library="CalculatorTestGivenWhenThen" name="When User Clicks &quot;Equals&quot; Button">
<kw library="CalculatorTestGlobalHelpers" name="String &quot;${p_button}&quot; Only Contains Numbers">
<kw library="BuiltIn" name="Run Keyword And Return Status">
<doc>Runs the given keyword with given arguments and returns the status as a Boolean value.</doc>
<arguments>
<arg>Should Match Regexp</arg>
<arg>${p_string}</arg>
<arg>[0-9]+</arg>
</arguments>
<assign>
<var>${ret}</var>
</assign>
<kw library="BuiltIn" name="Should Match Regexp">
<doc>Fails if ``string`` does not match ``pattern`` as a regular expression.</doc>
<arguments>
<arg>${p_string}</arg>
<arg>[0-9]+</arg>
</arguments>
<msg level="FAIL" timestamp="20151103 09:18:45.441">'Equals' does not match '[0-9]+'</msg>
<status endtime="20151103 09:18:45.441" starttime="20151103 09:18:45.439" status="FAIL"></status>
</kw>
<msg level="INFO" timestamp="20151103 09:18:45.442">${ret} = False</msg>
<status endtime="20151103 09:18:45.442" starttime="20151103 09:18:45.435" status="PASS"></status>
</kw>
<kw library="BuiltIn" name="Set Test Variable">
<doc>Makes a variable available everywhere within the scope of the current test.</doc>
<arguments>
<arg>${NUMBERS_ONLY}</arg>
<arg>${ret}</arg>
</arguments>
<msg level="INFO" timestamp="20151103 09:18:45.456">${NUMBERS_ONLY} = False</msg>
<status endtime="20151103 09:18:45.456" starttime="20151103 09:18:45.445" status="PASS"></status>
</kw>
<status endtime="20151103 09:18:45.458" starttime="20151103 09:18:45.432" status="PASS"></status>
</kw>
<kw library="BuiltIn" name="Run Keyword If">
<doc>Runs the given keyword with the given arguments, if ``condition`` is true.</doc>
<arguments>
<arg>${NUMBERS_ONLY}</arg>
<arg>Click Number "${p_button}" Button</arg>
<arg>ELSE</arg>
<arg>Click "${p_button}" Button</arg>
</arguments>
<kw library="CalculatorTestGlobalHelpers" name="Click &quot;Equals&quot; Button">
<doc>Clicks a button using the region constants in CalculatorTestConstants.robot</doc>
<kw library="SikuliXRobotLibrary" name="Set New Search Region In Active App">
<doc>Sets new ROI or the search area to a specified ``offsets`` based on original coordinate values of active application in focus.</doc>
<arguments>
<arg>${BUTTON_${p_button_name}_REGION}</arg>
</arguments>
<msg level="INFO" timestamp="20151103 09:18:45.467">Setting new search region to offsets '176, 244, -195, -265'.</msg>
<msg level="INFO" timestamp="20151103 09:18:45.468">Active app region 'R[145,406 228x322]@S(0)[0,0 1600x1200] E:Y, T:3.0'.</msg>
<msg level="INFO" timestamp="20151103 09:18:45.468">New coordinates: x:'321' y:'650 w:'33 h:'57.</msg>
<status endtime="20151103 09:18:45.469" starttime="20151103 09:18:45.465" status="PASS"></status>
</kw>
<kw library="SikuliXRobotLibrary" name="Click Region">
<doc>Left-clicks the center x,y coordinate of a specified ROI or search region.</doc>
<msg level="INFO" timestamp="20151103 09:18:45.471">Clicking specified ROI or search region 'R[321,650 33x57]@S(0)[0,0 1600x1200] E:Y, T:3.0'</msg>
<msg level="INFO" timestamp="20151103 09:18:46.199">[log] CLICK on L(337,678)@S(0)[0,0 1600x1200]</msg>
<status endtime="20151103 09:18:46.203" starttime="20151103 09:18:45.470" status="PASS"></status>
</kw>
<status endtime="20151103 09:18:46.204" starttime="20151103 09:18:45.463" status="PASS"></status>
</kw>
<status endtime="20151103 09:18:46.205" starttime="20151103 09:18:45.460" status="PASS"></status>
</kw>
<status endtime="20151103 09:18:46.206" starttime="20151103 09:18:45.430" status="PASS"></status>
</kw>
<kw library="CalculatorTestGivenWhenThen" name="Then Actual Result Should Be Equal To &quot;${expected_result}&quot;">
<kw library="CalculatorTestGlobalHelpers" name="Get Text In &quot;Calculator Result Screen&quot; Region">
<doc>Returns the text in the specified region ${p_region}</doc>
<assign>
<var>${ACTUAL_ANSWER}</var>
</assign>
<kw library="SikuliXRobotLibrary" name="Set New Search Region In Active App">
<doc>Sets new ROI or the search area to a specified ``offsets`` based on original coordinate values of active application in focus.</doc>
<arguments>
<arg>${${p_region}_REGION}</arg>
</arguments>
<msg level="INFO" timestamp="20151103 09:18:46.236">Setting new search region to offsets '18, 61, -40, -274'.</msg>
<msg level="INFO" timestamp="20151103 09:18:46.237">Active app region 'R[145,406 228x322]@S(0)[0,0 1600x1200] E:Y, T:3.0'.</msg>
<msg level="INFO" timestamp="20151103 09:18:46.238">New coordinates: x:'163' y:'467 w:'188 h:'48.</msg>
<status endtime="20151103 09:18:46.239" starttime="20151103 09:18:46.220" status="PASS"></status>
</kw>
<kw library="SikuliXRobotLibrary" name="Get Text In Search Region">
<doc>Returns the text from a specified ``search location``. </doc>
<arguments>
<arg>region</arg>
</arguments>
<assign>
<var>${p_text}</var>
</assign>
<msg level="INFO" timestamp="20151103 09:18:46.275">Getting texts from at 'region' of specified ROI.</msg>
<msg level="INFO" timestamp="20151103 09:18:46.281">${p_text} = 12</msg>
<status endtime="20151103 09:18:46.281" starttime="20151103 09:18:46.240" status="PASS"></status>
</kw>
<msg level="INFO" timestamp="20151103 09:18:46.282">${ACTUAL_ANSWER} = 12</msg>
<status endtime="20151103 09:18:46.282" starttime="20151103 09:18:46.218" status="PASS"></status>
</kw>
<kw library="BuiltIn" name="Should Be Equal">
<doc>Fails if the given objects are unequal.</doc>
<arguments>
<arg>${ACTUAL_ANSWER}</arg>
<arg>${p_expected_result}</arg>
</arguments>
<msg level="INFO" timestamp="20151103 09:18:46.286">Argument types are:
&lt;type 'str'&gt;
&lt;type 'unicode'&gt;</msg>
<status endtime="20151103 09:18:46.288" starttime="20151103 09:18:46.284" status="PASS"></status>
</kw>
<status endtime="20151103 09:18:46.289" starttime="20151103 09:18:46.208" status="PASS"></status>
</kw>
<status endtime="20151103 09:18:46.289" starttime="20151103 09:18:39.607" status="PASS"></status>
</kw>
<kw type="teardown" library="CalculatorTestGlobalHelpers" name="Close &quot;Calculator&quot; Application">
<kw library="SikuliXRobotLibrary" name="Close Application">
<doc>Checks if the application matching the given ``app_name`` is running then closes it.</doc>
<arguments>
<arg>${p_application_name}</arg>
</arguments>
<msg level="INFO" timestamp="20151103 09:18:46.293">Closing application 'Calculator'.</msg>
<msg level="INFO" timestamp="20151103 09:18:46.481">[log] App.close: [1676:calc.exe]</msg>
<status endtime="20151103 09:18:46.483" starttime="20151103 09:18:46.292" status="PASS"></status>
</kw>
<status endtime="20151103 09:18:46.484" starttime="20151103 09:18:46.291" status="PASS"></status>
</kw>
<tags>
<tag>CalculatorTest</tag>
<tag>DemoTest</tag>
</tags>
<status critical="yes" endtime="20151103 09:18:46.490" starttime="20151103 09:18:38.965" status="PASS"></status>
</test>
<test name="119 - 9 = 110" id="s1-s1-s1-t4">
<kw type="setup" library="CalculatorTestGlobalHelpers" name="Open &quot;Calculator&quot; Application">
<kw library="SikuliXRobotLibrary" name="Check And Open Application">
<doc>Checks if application is running and sets the focus to the application, </doc>
<arguments>
<arg>${${p_app_name}_APP_NAME}</arg>
<arg>${${p_app_name}_EXECUTABLE}</arg>
</arguments>
<msg level="INFO" timestamp="20151103 09:18:46.504">Opening application 'Calculator' in path 'C:/Windows/System32/calc.exe'.</msg>
<msg level="INFO" timestamp="20151103 09:18:46.740">[log] App.open [2548:calc.exe]</msg>
<status endtime="20151103 09:18:46.741" starttime="20151103 09:18:46.501" status="PASS"></status>
</kw>
<kw library="BuiltIn" name="Wait Until Keyword Succeeds">
[...]
<doc>Fails if ``string`` does not match ``pattern`` as a regular expression.</doc>
<arguments>
<arg>${p_string}</arg>
<arg>[0-9]+</arg>
</arguments>
<status endtime="20151103 09:19:09.812" starttime="20151103 09:19:09.810" status="PASS"></status>
</kw>
<msg level="INFO" timestamp="20151103 09:19:09.813">${ret} = True</msg>
<status endtime="20151103 09:19:09.813" starttime="20151103 09:19:09.808" status="PASS"></status>
</kw>
<kw library="BuiltIn" name="Set Test Variable">
<doc>Makes a variable available everywhere within the scope of the current test.</doc>
<arguments>
<arg>${NUMBERS_ONLY}</arg>
<arg>${ret}</arg>
</arguments>
<msg level="INFO" timestamp="20151103 09:19:09.818">${NUMBERS_ONLY} = True</msg>
<status endtime="20151103 09:19:09.819" starttime="20151103 09:19:09.814" status="PASS"></status>
</kw>
<status endtime="20151103 09:19:09.820" starttime="20151103 09:19:09.807" status="PASS"></status>
</kw>
<kw library="BuiltIn" name="Run Keyword If">
<doc>Runs the given keyword with the given arguments, if ``condition`` is true.</doc>
<arguments>
<arg>${NUMBERS_ONLY}</arg>
<arg>Click Number "${p_button}" Button</arg>
<arg>ELSE</arg>
<arg>Click "${p_button}" Button</arg>
</arguments>
<kw library="CalculatorTestGlobalHelpers" name="Click Number &quot;2&quot; Button">
<kw library="String" name="Split String To Characters">
<doc>Splits the given ``string`` to characters.</doc>
<arguments>
<arg>${p_button}</arg>
</arguments>
<assign>
<var>@{numbers}</var>
</assign>
<msg level="INFO" timestamp="20151103 09:19:09.828">@{numbers} = [ 2 ]</msg>
<status endtime="20151103 09:19:09.828" starttime="20151103 09:19:09.825" status="PASS"></status>
</kw>
<kw type="for" name="${number} IN [ @{numbers} ]">
<kw type="foritem" name="${number} = 2">
<kw library="CalculatorTestGlobalHelpers" name="Click &quot;${number}&quot; Button">
<doc>Clicks a button using the region constants in CalculatorTestConstants.robot</doc>
<kw library="SikuliXRobotLibrary" name="Set New Search Region In Active App">
<doc>Sets new ROI or the search area to a specified ``offsets`` based on original coordinate values of active application in focus.</doc>
<arguments>
<arg>${BUTTON_${p_button_name}_REGION}</arg>
</arguments>
<msg level="INFO" timestamp="20151103 09:19:09.834">Setting new search region to offsets '58, 244, -195, -296'.</msg>
<msg level="INFO" timestamp="20151103 09:19:09.834">Active app region 'R[145,406 228x322]@S(0)[0,0 1600x1200] E:Y, T:3.0'.</msg>
<msg level="INFO" timestamp="20151103 09:19:09.835">New coordinates: x:'203' y:'650 w:'33 h:'26.</msg>
<status endtime="20151103 09:19:09.836" starttime="20151103 09:19:09.833" status="PASS"></status>
</kw>
<kw library="SikuliXRobotLibrary" name="Click Region">
<doc>Left-clicks the center x,y coordinate of a specified ROI or search region.</doc>
<msg level="INFO" timestamp="20151103 09:19:09.838">Clicking specified ROI or search region 'R[203,650 33x26]@S(0)[0,0 1600x1200] E:Y, T:3.0'</msg>
<msg level="INFO" timestamp="20151103 09:19:10.563">[log] CLICK on L(219,663)@S(0)[0,0 1600x1200]</msg>
<status endtime="20151103 09:19:10.564" starttime="20151103 09:19:09.837" status="PASS"></status>
</kw>
<status endtime="20151103 09:19:10.566" starttime="20151103 09:19:09.830" status="PASS"></status>
</kw>
<status endtime="20151103 09:19:10.566" starttime="20151103 09:19:09.829" status="PASS"></status>
</kw>
<status endtime="20151103 09:19:10.567" starttime="20151103 09:19:09.828" status="PASS"></status>
</kw>
<status endtime="20151103 09:19:10.568" starttime="20151103 09:19:09.823" status="PASS"></status>
</kw>
<status endtime="20151103 09:19:10.569" starttime="20151103 09:19:09.821" status="PASS"></status>
</kw>
<status endtime="20151103 09:19:10.570" starttime="20151103 09:19:09.804" status="PASS"></status>
</kw>
<kw library="CalculatorTestGivenWhenThen" name="User Clicks &quot;${p_operation}&quot; Button">
<kw library="CalculatorTestGlobalHelpers" name="String &quot;${p_button}&quot; Only Contains Numbers">
<kw library="BuiltIn" name="Run Keyword And Return Status">
<doc>Runs the given keyword with given arguments and returns the status as a Boolean value.</doc>
<arguments>
<arg>Should Match Regexp</arg>
<arg>${p_string}</arg>
<arg>[0-9]+</arg>
</arguments>
<assign>
<var>${ret}</var>
</assign>
<kw library="BuiltIn" name="Should Match Regexp">
<doc>Fails if ``string`` does not match ``pattern`` as a regular expression.</doc>
<arguments>
<arg>${p_string}</arg>
<arg>[0-9]+</arg>
</arguments>
<msg level="FAIL" timestamp="20151103 09:19:10.579">'Times' does not match '[0-9]+'</msg>
<status endtime="20151103 09:19:10.579" starttime="20151103 09:19:10.577" status="FAIL"></status>
</kw>
<msg level="INFO" timestamp="20151103 09:19:10.581">${ret} = False</msg>
<status endtime="20151103 09:19:10.581" starttime="20151103 09:19:10.575" status="PASS"></status>
</kw>
<kw library="BuiltIn" name="Set Test Variable">
<doc>Makes a variable available everywhere within the scope of the current test.</doc>
<arguments>
<arg>${NUMBERS_ONLY}</arg>
<arg>${ret}</arg>
</arguments>
<msg level="INFO" timestamp="20151103 09:19:10.583">${NUMBERS_ONLY} = False</msg>
<status endtime="20151103 09:19:10.584" starttime="20151103 09:19:10.582" status="PASS"></status>
</kw>
<status endtime="20151103 09:19:10.585" starttime="20151103 09:19:10.574" status="PASS"></status>
</kw>
<kw library="BuiltIn" name="Run Keyword If">
<doc>Runs the given keyword with the given arguments, if ``condition`` is true.</doc>
<arguments>
<arg>${NUMBERS_ONLY}</arg>
<arg>Click Number "${p_button}" Button</arg>
<arg>ELSE</arg>
<arg>Click "${p_button}" Button</arg>
</arguments>
<kw library="CalculatorTestGlobalHelpers" name="Click &quot;Times&quot; Button">
<doc>Clicks a button using the region constants in CalculatorTestConstants.robot</doc>
<kw library="SikuliXRobotLibrary" name="Set New Search Region In Active App">
<doc>Sets new ROI or the search area to a specified ``offsets`` based on original coordinate values of active application in focus.</doc>
<arguments>
<arg>${BUTTON_${p_button_name}_REGION}</arg>
</arguments>
<msg level="INFO" timestamp="20151103 09:19:10.634">Setting new search region to offsets '136, 212, -195, -296'.</msg>
<msg level="INFO" timestamp="20151103 09:19:10.635">Active app region 'R[145,406 228x322]@S(0)[0,0 1600x1200] E:Y, T:3.0'.</msg>
<msg level="INFO" timestamp="20151103 09:19:10.635">New coordinates: x:'281' y:'618 w:'33 h:'26.</msg>
<status endtime="20151103 09:19:10.636" starttime="20151103 09:19:10.632" status="PASS"></status>
</kw>
<kw library="SikuliXRobotLibrary" name="Click Region">
<doc>Left-clicks the center x,y coordinate of a specified ROI or search region.</doc>
<msg level="INFO" timestamp="20151103 09:19:10.639">Clicking specified ROI or search region 'R[281,618 33x26]@S(0)[0,0 1600x1200] E:Y, T:3.0'</msg>
<msg level="INFO" timestamp="20151103 09:19:11.363">[log] CLICK on L(297,631)@S(0)[0,0 1600x1200]</msg>
<status endtime="20151103 09:19:11.364" starttime="20151103 09:19:10.638" status="PASS"></status>
</kw>
<status endtime="20151103 09:19:11.366" starttime="20151103 09:19:10.630" status="PASS"></status>
</kw>
<status endtime="20151103 09:19:11.366" starttime="20151103 09:19:10.627" status="PASS"></status>
</kw>
<status endtime="20151103 09:19:11.368" starttime="20151103 09:19:10.571" status="PASS"></status>
</kw>
<kw library="CalculatorTestGivenWhenThen" name="User Clicks &quot;${p_num2}&quot; Button">
<kw library="CalculatorTestGlobalHelpers" name="String &quot;${p_button}&quot; Only Contains Numbers">
<kw library="BuiltIn" name="Run Keyword And Return Status">
<doc>Runs the given keyword with given arguments and returns the status as a Boolean value.</doc>
<arguments>
<arg>Should Match Regexp</arg>
<arg>${p_string}</arg>
<arg>[0-9]+</arg>
</arguments>
<assign>
<var>${ret}</var>
</assign>
<kw library="BuiltIn" name="Should Match Regexp">
<doc>Fails if ``string`` does not match ``pattern`` as a regular expression.</doc>
<arguments>
<arg>${p_string}</arg>
<arg>[0-9]+</arg>
</arguments>
<status endtime="20151103 09:19:11.376" starttime="20151103 09:19:11.375" status="PASS"></status>
</kw>
<msg level="INFO" timestamp="20151103 09:19:11.377">${ret} = True</msg>
<status endtime="20151103 09:19:11.377" starttime="20151103 09:19:11.374" status="PASS"></status>
</kw>
<kw library="BuiltIn" name="Set Test Variable">
<doc>Makes a variable available everywhere within the scope of the current test.</doc>
<arguments>
<arg>${NUMBERS_ONLY}</arg>
<arg>${ret}</arg>
</arguments>
<msg level="INFO" timestamp="20151103 09:19:11.380">${NUMBERS_ONLY} = True</msg>
<status endtime="20151103 09:19:11.381" starttime="20151103 09:19:11.379" status="PASS"></status>
</kw>
<status endtime="20151103 09:19:11.382" starttime="20151103 09:19:11.371" status="PASS"></status>
</kw>
<kw library="BuiltIn" name="Run Keyword If">
<doc>Runs the given keyword with the given arguments, if ``condition`` is true.</doc>
<arguments>
<arg>${NUMBERS_ONLY}</arg>
<arg>Click Number "${p_button}" Button</arg>
<arg>ELSE</arg>
<arg>Click "${p_button}" Button</arg>
</arguments>
<kw library="CalculatorTestGlobalHelpers" name="Click Number &quot;9&quot; Button">
<kw library="String" name="Split String To Characters">
<doc>Splits the given ``string`` to characters.</doc>
<arguments>
<arg>${p_button}</arg>
</arguments>
<assign>
<var>@{numbers}</var>
</assign>
<msg level="INFO" timestamp="20151103 09:19:11.398">@{numbers} = [ 9 ]</msg>
<status endtime="20151103 09:19:11.400" starttime="20151103 09:19:11.395" status="PASS"></status>
</kw>
<kw type="for" name="${number} IN [ @{numbers} ]">
<kw type="foritem" name="${number} = 9">
<kw library="CalculatorTestGlobalHelpers" name="Click &quot;${number}&quot; Button">
<doc>Clicks a button using the region constants in CalculatorTestConstants.robot</doc>
<kw library="SikuliXRobotLibrary" name="Set New Search Region In Active App">
<doc>Sets new ROI or the search area to a specified ``offsets`` based on original coordinate values of active application in focus.</doc>
<arguments>
<arg>${BUTTON_${p_button_name}_REGION}</arg>
</arguments>
<msg level="INFO" timestamp="20151103 09:19:11.442">Setting new search region to offsets '98, 180, -195, -296'.</msg>
<msg level="INFO" timestamp="20151103 09:19:11.444">Active app region 'R[145,406 228x322]@S(0)[0,0 1600x1200] E:Y, T:3.0'.</msg>
<msg level="INFO" timestamp="20151103 09:19:11.444">New coordinates: x:'243' y:'586 w:'33 h:'26.</msg>
<status endtime="20151103 09:19:11.445" starttime="20151103 09:19:11.441" status="PASS"></status>
</kw>
<kw library="SikuliXRobotLibrary" name="Click Region">
<doc>Left-clicks the center x,y coordinate of a specified ROI or search region.</doc>
<msg level="INFO" timestamp="20151103 09:19:11.447">Clicking specified ROI or search region 'R[243,586 33x26]@S(0)[0,0 1600x1200] E:Y, T:3.0'</msg>
<msg level="INFO" timestamp="20151103 09:19:12.173">[log] CLICK on L(259,599)@S(0)[0,0 1600x1200]</msg>
<status endtime="20151103 09:19:12.174" starttime="20151103 09:19:11.446" status="PASS"></status>
</kw>
<status endtime="20151103 09:19:12.175" starttime="20151103 09:19:11.403" status="PASS"></status>
</kw>
<status endtime="20151103 09:19:12.176" starttime="20151103 09:19:11.402" status="PASS"></status>
</kw>
<status endtime="20151103 09:19:12.176" starttime="20151103 09:19:11.401" status="PASS"></status>
</kw>
<status endtime="20151103 09:19:12.177" starttime="20151103 09:19:11.386" status="PASS"></status>
</kw>
<status endtime="20151103 09:19:12.178" starttime="20151103 09:19:11.383" status="PASS"></status>
</kw>
<status endtime="20151103 09:19:12.180" starttime="20151103 09:19:11.369" status="PASS"></status>
</kw>
<status endtime="20151103 09:19:12.182" starttime="20151103 09:19:09.803" status="PASS"></status>
</kw>
<kw library="CalculatorTestGivenWhenThen" name="When User Clicks &quot;Equals&quot; Button">
<kw library="CalculatorTestGlobalHelpers" name="String &quot;${p_button}&quot; Only Contains Numbers">
<kw library="BuiltIn" name="Run Keyword And Return Status">
<doc>Runs the given keyword with given arguments and returns the status as a Boolean value.</doc>
<arguments>
<arg>Should Match Regexp</arg>
<arg>${p_string}</arg>
<arg>[0-9]+</arg>
</arguments>
<assign>
<var>${ret}</var>
</assign>
<kw library="BuiltIn" name="Should Match Regexp">
<doc>Fails if ``string`` does not match ``pattern`` as a regular expression.</doc>
<arguments>
<arg>${p_string}</arg>
<arg>[0-9]+</arg>
</arguments>
<msg level="FAIL" timestamp="20151103 09:19:12.194">'Equals' does not match '[0-9]+'</msg>
<status endtime="20151103 09:19:12.194" starttime="20151103 09:19:12.191" status="FAIL"></status>
</kw>
<msg level="INFO" timestamp="20151103 09:19:12.195">${ret} = False</msg>
<status endtime="20151103 09:19:12.195" starttime="20151103 09:19:12.189" status="PASS"></status>
</kw>
<kw library="BuiltIn" name="Set Test Variable">
<doc>Makes a variable available everywhere within the scope of the current test.</doc>
<arguments>
<arg>${NUMBERS_ONLY}</arg>
<arg>${ret}</arg>
</arguments>
<msg level="INFO" timestamp="20151103 09:19:12.197">${NUMBERS_ONLY} = False</msg>
<status endtime="20151103 09:19:12.198" starttime="20151103 09:19:12.196" status="PASS"></status>
</kw>
<status endtime="20151103 09:19:12.199" starttime="20151103 09:19:12.186" status="PASS"></status>
</kw>
<kw library="BuiltIn" name="Run Keyword If">
<doc>Runs the given keyword with the given arguments, if ``condition`` is true.</doc>
<arguments>
<arg>${NUMBERS_ONLY}</arg>
<arg>Click Number "${p_button}" Button</arg>
<arg>ELSE</arg>
<arg>Click "${p_button}" Button</arg>
</arguments>
<kw library="CalculatorTestGlobalHelpers" name="Click &quot;Equals&quot; Button">
<doc>Clicks a button using the region constants in CalculatorTestConstants.robot</doc>
<kw library="SikuliXRobotLibrary" name="Set New Search Region In Active App">
<doc>Sets new ROI or the search area to a specified ``offsets`` based on original coordinate values of active application in focus.</doc>
<arguments>
<arg>${BUTTON_${p_button_name}_REGION}</arg>
</arguments>
<msg level="INFO" timestamp="20151103 09:19:12.218">Setting new search region to offsets '176, 244, -195, -265'.</msg>
<msg level="INFO" timestamp="20151103 09:19:12.219">Active app region 'R[145,406 228x322]@S(0)[0,0 1600x1200] E:Y, T:3.0'.</msg>
<msg level="INFO" timestamp="20151103 09:19:12.219">New coordinates: x:'321' y:'650 w:'33 h:'57.</msg>
<status endtime="20151103 09:19:12.220" starttime="20151103 09:19:12.206" status="PASS"></status>
</kw>
<kw library="SikuliXRobotLibrary" name="Click Region">
<doc>Left-clicks the center x,y coordinate of a specified ROI or search region.</doc>
<msg level="INFO" timestamp="20151103 09:19:12.223">Clicking specified ROI or search region 'R[321,650 33x57]@S(0)[0,0 1600x1200] E:Y, T:3.0'</msg>
<msg level="INFO" timestamp="20151103 09:19:12.950">[log] CLICK on L(337,678)@S(0)[0,0 1600x1200]</msg>
<status endtime="20151103 09:19:12.950" starttime="20151103 09:19:12.221" status="PASS"></status>
</kw>
<status endtime="20151103 09:19:12.958" starttime="20151103 09:19:12.204" status="PASS"></status>
</kw>
<status endtime="20151103 09:19:12.958" starttime="20151103 09:19:12.201" status="PASS"></status>
</kw>
<status endtime="20151103 09:19:12.966" starttime="20151103 09:19:12.184" status="PASS"></status>
</kw>
<kw library="CalculatorTestGivenWhenThen" name="Then Actual Result Should Be Equal To &quot;${expected_result}&quot;">
<kw library="CalculatorTestGlobalHelpers" name="Get Text In &quot;Calculator Result Screen&quot; Region">
<doc>Returns the text in the specified region ${p_region}</doc>
<assign>
<var>${ACTUAL_ANSWER}</var>
</assign>
<kw library="SikuliXRobotLibrary" name="Set New Search Region In Active App">
<doc>Sets new ROI or the search area to a specified ``offsets`` based on original coordinate values of active application in focus.</doc>
<arguments>
<arg>${${p_region}_REGION}</arg>
</arguments>
<msg level="INFO" timestamp="20151103 09:19:13.084">Setting new search region to offsets '18, 61, -40, -274'.</msg>
<msg level="INFO" timestamp="20151103 09:19:13.085">Active app region 'R[145,406 228x322]@S(0)[0,0 1600x1200] E:Y, T:3.0'.</msg>
<msg level="INFO" timestamp="20151103 09:19:13.086">New coordinates: x:'163' y:'467 w:'188 h:'48.</msg>
<status endtime="20151103 09:19:13.087" starttime="20151103 09:19:13.083" status="PASS"></status>
</kw>
<kw library="SikuliXRobotLibrary" name="Get Text In Search Region">
<doc>Returns the text from a specified ``search location``. </doc>
<arguments>
<arg>region</arg>
</arguments>
<assign>
<var>${p_text}</var>
</assign>
<msg level="INFO" timestamp="20151103 09:19:13.094">Getting texts from at 'region' of specified ROI.</msg>
<msg level="INFO" timestamp="20151103 09:19:13.099">${p_text} = 18</msg>
<status endtime="20151103 09:19:13.099" starttime="20151103 09:19:13.089" status="PASS"></status>
</kw>
<msg level="INFO" timestamp="20151103 09:19:13.100">${ACTUAL_ANSWER} = 18</msg>
<status endtime="20151103 09:19:13.100" starttime="20151103 09:19:12.973" status="PASS"></status>
</kw>
<kw library="BuiltIn" name="Should Be Equal">
<doc>Fails if the given objects are unequal.</doc>
<arguments>
<arg>${ACTUAL_ANSWER}</arg>
<arg>${p_expected_result}</arg>
</arguments>
<msg level="INFO" timestamp="20151103 09:19:13.103">Argument types are:
&lt;type 'str'&gt;
&lt;type 'unicode'&gt;</msg>
<status endtime="20151103 09:19:13.104" starttime="20151103 09:19:13.102" status="PASS"></status>
</kw>
<status endtime="20151103 09:19:13.105" starttime="20151103 09:19:12.968" status="PASS"></status>
</kw>
<status endtime="20151103 09:19:13.106" starttime="20151103 09:19:09.799" status="PASS"></status>
</kw>
<kw type="teardown" library="CalculatorTestGlobalHelpers" name="Close &quot;Calculator&quot; Application">
<kw library="SikuliXRobotLibrary" name="Close Application">
<doc>Checks if the application matching the given ``app_name`` is running then closes it.</doc>
<arguments>
<arg>${p_application_name}</arg>
</arguments>
<msg level="INFO" timestamp="20151103 09:19:13.113">Closing application 'Calculator'.</msg>
<msg level="INFO" timestamp="20151103 09:19:13.300">[log] App.close: [924:calc.exe]</msg>
<status endtime="20151103 09:19:13.301" starttime="20151103 09:19:13.112" status="PASS"></status>
</kw>
<status endtime="20151103 09:19:13.302" starttime="20151103 09:19:13.110" status="PASS"></status>
</kw>
<tags>
<tag>CalculatorTest</tag>
<tag>DemoTest</tag>
</tags>
<status critical="yes" endtime="20151103 09:19:13.308" starttime="20151103 09:19:09.189" status="PASS"></status>
</test>
<doc>Calculator test suite for the common operations. Does not use patterns as parameters in the keywords but uses offsets of regions instead</doc>
<status endtime="20151103 09:19:13.348" starttime="20151103 09:18:19.917" status="PASS"></status>
</suite>
<status endtime="20151103 09:19:13.387" starttime="20151103 09:18:19.819" status="PASS"></status>
</suite>
<status endtime="20151103 09:19:13.408" starttime="20151103 09:18:18.894" status="PASS"></status>
</suite>
<statistics>
<total>
<stat pass="8" fail="0">Critical Tests</stat>
<stat pass="8" fail="0">All Tests</stat>
</total>
<tag>
<stat pass="8" fail="0">CalculatorTest</stat>
<stat pass="8" fail="0">DemoTest</stat>
</tag>
<suite>
<stat pass="8" fail="0" name="Demo" id="s1">Demo</stat>
<stat pass="8" fail="0" name="Calc Test Suite" id="s1-s1">Demo.Calc Test Suite</stat>
<stat pass="8" fail="0" name="CalculatorTest" id="s1-s1-s1">Demo.Calc Test Suite.CalculatorTest</stat>
</suite>
</statistics>
<errors>
</errors>
</robot>
